info.properties (No such file or directory)
l4 - l5: 0
l4 - l5: 0
l4 - l5: 0
mergeSize: 28 kb, use time: 8
l1 - l4: 2, l2 - l3: 2, l6 - l7: 0, l7 - l8: 13
mergeSize: 0 kb, use time: 0
l1 - l4: 0, l2 - l3: 0, l6 - l7: 13, l7 - l8: 0
mergeSize: 0 kb, use time: 0
l1 - l4: 3, l2 - l3: 2, l6 - l7: 13, l7 - l8: 0
l4 - l5: 0
l4 - l5: 0
mergeSize: 13 kb, use time: 1
l1 - l4: 0, l2 - l3: 0, l6 - l7: 0, l7 - l8: 1
l4 - l5: 0
l4 - l5: 0
l4 - l5: 0
l4 - l5: 0
l4 - l5: 0
l4 - l5: 0
l4 - l5: 0
mergeSize: 31 kb, use time: 1
l1 - l4: 13, l2 - l3: 1, l6 - l7: 0, l7 - l8: 2
l4 - l5: 0
l4 - l5: 0
l4 - l5: 0
l4 - l5: 0
l4 - l5: 0
l4 - l5: 0
l4 - l5: 0
l4 - l5: 0
l4 - l5: 0
l4 - l5: 0
l4 - l5: 0
l4 - l5: 0
l4 - l5: 0
l4 - l5: 0
l4 - l5: 0
l4 - l5: 0
l4 - l5: 0
l4 - l5: 0
mergeSize: 127 kb, use time: 2
l1 - l4: 26, l2 - l3: 0, l6 - l7: 0, l7 - l8: 2
l4 - l5: 0
mergeSize: 5 kb, use time: 1
l1 - l4: 29, l2 - l3: 0, l6 - l7: 0, l7 - l8: 1
l4 - l5: 0
l4 - l5: 0
l4 - l5: 0
l4 - l5: 0
l4 - l5: 0
l4 - l5: 0
l4 - l5: 0
l4 - l5: 0
l4 - l5: 0
l4 - l5: 0
l4 - l5: 0
l4 - l5: 0
l4 - l5: 0
l4 - l5: 0
mergeSize: 133 kb, use time: 1
l1 - l4: 26, l2 - l3: 0, l6 - l7: 0, l7 - l8: 1
mergeSize: 12 kb, use time: 1
l1 - l4: 13, l2 - l3: 0, l6 - l7: 26, l7 - l8: 1
mergeSize: 0 kb, use time: 0
l1 - l4: 15, l2 - l3: 1, l6 - l7: 25, l7 - l8: 0
mergeSize: 0 kb, use time: 0
l1 - l4: 1, l2 - l3: 1, l6 - l7: 25, l7 - l8: 1
mergeSize: 0 kb, use time: 0
l1 - l4: 14, l2 - l3: 1, l6 - l7: 25, l7 - l8: 0
mergeSize: 0 kb, use time: 0
l1 - l4: 13, l2 - l3: 0, l6 - l7: 26, l7 - l8: 0
mergeSize: 0 kb, use time: 0
l1 - l4: 13, l2 - l3: 0, l6 - l7: 25, l7 - l8: 0
mergeSize: 0 kb, use time: 0
l1 - l4: 15, l2 - l3: 2, l6 - l7: 25, l7 - l8: 0
mergeSize: 0 kb, use time: 0
l1 - l4: 1, l2 - l3: 1, l6 - l7: 22, l7 - l8: 0
mergeSize: 0 kb, use time: 0
l1 - l4: 21, l2 - l3: 0, l6 - l7: 18, l7 - l8: 0
mergeSize: 0 kb, use time: 0
l1 - l4: 20, l2 - l3: 3, l6 - l7: 19, l7 - l8: 1
mergeSize: 0 kb, use time: 0
l1 - l4: 18, l2 - l3: 2, l6 - l7: 22, l7 - l8: 0
mergeSize: 0 kb, use time: 0
l1 - l4: 22, l2 - l3: 0, l6 - l7: 17, l7 - l8: 0
mergeSize: 0 kb, use time: 0
l1 - l4: 21, l2 - l3: 1, l6 - l7: 17, l7 - l8: 0
mergeSize: 0 kb, use time: 1
l1 - l4: 26, l2 - l3: 1, l6 - l7: 12, l7 - l8: 1
mergeSize: 0 kb, use time: 0
l1 - l4: 22, l2 - l3: 1, l6 - l7: 14, l7 - l8: 0
mergeSize: 0 kb, use time: 0
l1 - l4: 25, l2 - l3: 0, l6 - l7: 12, l7 - l8: 0
mergeSize: 0 kb, use time: 0
l1 - l4: 26, l2 - l3: 0, l6 - l7: 11, l7 - l8: 1
l4 - l5: 13
mergeSize: 0 kb, use time: 7
l1 - l4: 30, l2 - l3: 8, l6 - l7: 11, l7 - l8: 7
mergeSize: 0 kb, use time: 0
l1 - l4: 24, l2 - l3: 8, l6 - l7: 25, l7 - l8: 1
mergeSize: 0 kb, use time: 0
l1 - l4: 27, l2 - l3: 1, l6 - l7: 19, l7 - l8: 0
mergeSize: 0 kb, use time: 0
l1 - l4: 26, l2 - l3: 1, l6 - l7: 19, l7 - l8: 0
mergeSize: 0 kb, use time: 0
l1 - l4: 26, l2 - l3: 2, l6 - l7: 19, l7 - l8: 0
mergeSize: 0 kb, use time: 0
l1 - l4: 27, l2 - l3: 2, l6 - l7: 19, l7 - l8: 1
l4 - l5: 0
l4 - l5: 0
mergeSize: 25 kb, use time: 1
l1 - l4: 0, l2 - l3: 0, l6 - l7: 0, l7 - l8: 1
mergeSize: 0 kb, use time: 0
l1 - l4: 29, l2 - l3: 0, l6 - l7: 18, l7 - l8: 0
mergeSize: 0 kb, use time: 0
l1 - l4: 28, l2 - l3: 0, l6 - l7: 18, l7 - l8: 0
mergeSize: 0 kb, use time: 0
l1 - l4: 28, l2 - l3: 0, l6 - l7: 18, l7 - l8: 0
mergeSize: 0 kb, use time: 0
l1 - l4: 28, l2 - l3: 0, l6 - l7: 18, l7 - l8: 1
mergeSize: 0 kb, use time: 0
l1 - l4: 27, l2 - l3: 0, l6 - l7: 19, l7 - l8: 0
mergeSize: 0 kb, use time: 0
l1 - l4: 27, l2 - l3: 0, l6 - l7: 18, l7 - l8: 0
mergeSize: 0 kb, use time: 0
l1 - l4: 0, l2 - l3: 0, l6 - l7: 20, l7 - l8: 0
mergeSize: 0 kb, use time: 0
l1 - l4: 26, l2 - l3: 0, l6 - l7: 20, l7 - l8: 0
mergeSize: 0 kb, use time: 1
l1 - l4: 26, l2 - l3: 1, l6 - l7: 20, l7 - l8: 1
mergeSize: 0 kb, use time: 0
l1 - l4: 26, l2 - l3: 0, l6 - l7: 20, l7 - l8: 0
mergeSize: 0 kb, use time: 0
l1 - l4: 26, l2 - l3: 0, l6 - l7: 20, l7 - l8: 0
mergeSize: 0 kb, use time: 0
l1 - l4: 26, l2 - l3: 0, l6 - l7: 20, l7 - l8: 0
mergeSize: 0 kb, use time: 1
l1 - l4: 26, l2 - l3: 0, l6 - l7: 20, l7 - l8: 1
l4 - l5: 0
l4 - l5: 0
mergeSize: 16 kb, use time: 0
l1 - l4: 21, l2 - l3: 0, l6 - l7: 0, l7 - l8: 1
l4 - l5: 0
l4 - l5: 0
l4 - l5: 0
l4 - l5: 0
l4 - l5: 0
mergeSize: 26 kb, use time: 1
l1 - l4: 21, l2 - l3: 0, l6 - l7: 0, l7 - l8: 1
l4 - l5: 0
l4 - l5: 0
l4 - l5: 0
l4 - l5: 0
l4 - l5: 0
l4 - l5: 0
l4 - l5: 0
l4 - l5: 0
l4 - l5: 0
l4 - l5: 0
l4 - l5: 0
mergeSize: 78 kb, use time: 1
l1 - l4: 19, l2 - l3: 0, l6 - l7: 0, l7 - l8: 1
l4 - l5: 0
l4 - l5: 0
l4 - l5: 0
l4 - l5: 0
mergeSize: 30 kb, use time: 1
l1 - l4: 19, l2 - l3: 0, l6 - l7: 0, l7 - l8: 1
l4 - l5: 0
l4 - l5: 0
mergeSize: 20 kb, use time: 1
l1 - l4: 12, l2 - l3: 0, l6 - l7: 0, l7 - l8: 1
l4 - l5: 0
l4 - l5: 0
mergeSize: 27 kb, use time: 1
l1 - l4: 13, l2 - l3: 0, l6 - l7: 0, l7 - l8: 1
l4 - l5: 0
mergeSize: 6 kb, use time: 1
l1 - l4: 0, l2 - l3: 0, l6 - l7: 0, l7 - l8: 1
l4 - l5: 0
l4 - l5: 0
l4 - l5: 0
l4 - l5: 0
l4 - l5: 0
mergeSize: 21 kb, use time: 1
l1 - l4: 15, l2 - l3: 0, l6 - l7: 0, l7 - l8: 1
l4 - l5: 0
mergeSize: 13 kb, use time: 1
l1 - l4: 18, l2 - l3: 0, l6 - l7: 14, l7 - l8: 1
l4 - l5: 0
l4 - l5: 0
l4 - l5: 0
mergeSize: 33 kb, use time: 1
l1 - l4: 0, l2 - l3: 0, l6 - l7: 0, l7 - l8: 1
l4 - l5: 0
mergeSize: 4 kb, use time: 1
l1 - l4: 0, l2 - l3: 0, l6 - l7: 0, l7 - l8: 1
l4 - l5: 0
mergeSize: 13 kb, use time: 0
l1 - l4: 0, l2 - l3: 0, l6 - l7: 0, l7 - l8: 0
l4 - l5: 0
mergeSize: 13 kb, use time: 0
l1 - l4: 0, l2 - l3: 0, l6 - l7: 1, l7 - l8: 0
l4 - l5: 0
mergeSize: 0 kb, use time: 1
l1 - l4: 0, l2 - l3: 0, l6 - l7: 0, l7 - l8: 1
l4 - l5: 0
l4 - l5: 0
l4 - l5: 0
l4 - l5: 0
l4 - l5: 0
l4 - l5: 0
l4 - l5: 0
l4 - l5: 0
l4 - l5: 0
l4 - l5: 0
l4 - l5: 0
l4 - l5: 0
mergeSize: 88 kb, use time: 1
l1 - l4: 0, l2 - l3: 0, l6 - l7: 0, l7 - l8: 2
mergeSize: 0 kb, use time: 0
l1 - l4: 0, l2 - l3: 0, l6 - l7: 16, l7 - l8: 0
mergeSize: 0 kb, use time: 0
l1 - l4: 21, l2 - l3: 0, l6 - l7: 15, l7 - l8: 0
mergeSize: 0 kb, use time: 0
l1 - l4: 0, l2 - l3: 0, l6 - l7: 15, l7 - l8: 0
mergeSize: 0 kb, use time: 0
l1 - l4: 20, l2 - l3: 0, l6 - l7: 15, l7 - l8: 0
mergeSize: 0 kb, use time: 0
l1 - l4: 20, l2 - l3: 0, l6 - l7: 16, l7 - l8: 0
mergeSize: 0 kb, use time: 0
l1 - l4: 0, l2 - l3: 0, l6 - l7: 15, l7 - l8: 0
mergeSize: 0 kb, use time: 0
l1 - l4: 21, l2 - l3: 0, l6 - l7: 15, l7 - l8: 0
mergeSize: 0 kb, use time: 0
l1 - l4: 20, l2 - l3: 0, l6 - l7: 15, l7 - l8: 0
mergeSize: 0 kb, use time: 1
l1 - l4: 20, l2 - l3: 0, l6 - l7: 15, l7 - l8: 1
mergeSize: 0 kb, use time: 0
l1 - l4: 20, l2 - l3: 0, l6 - l7: 16, l7 - l8: 0
mergeSize: 0 kb, use time: 0
l1 - l4: 19, l2 - l3: 0, l6 - l7: 16, l7 - l8: 0
mergeSize: 0 kb, use time: 0
l1 - l4: 19, l2 - l3: 0, l6 - l7: 16, l7 - l8: 0
mergeSize: 0 kb, use time: 0
l1 - l4: 20, l2 - l3: 0, l6 - l7: 16, l7 - l8: 0
mergeSize: 0 kb, use time: 0
l1 - l4: 18, l2 - l3: 0, l6 - l7: 16, l7 - l8: 0
mergeSize: 0 kb, use time: 0
l1 - l4: 19, l2 - l3: 0, l6 - l7: 17, l7 - l8: 0
mergeSize: 0 kb, use time: 0
l1 - l4: 19, l2 - l3: 0, l6 - l7: 16, l7 - l8: 0
mergeSize: 0 kb, use time: 0
l1 - l4: 18, l2 - l3: 0, l6 - l7: 16, l7 - l8: 0
mergeSize: 0 kb, use time: 0
l1 - l4: 0, l2 - l3: 0, l6 - l7: 16, l7 - l8: 0
mergeSize: 0 kb, use time: 0
l1 - l4: 0, l2 - l3: 0, l6 - l7: 15, l7 - l8: 0
mergeSize: 0 kb, use time: 1
l1 - l4: 0, l2 - l3: 0, l6 - l7: 14, l7 - l8: 1
mergeSize: 0 kb, use time: 0
l1 - l4: 0, l2 - l3: 0, l6 - l7: 13, l7 - l8: 0
mergeSize: 0 kb, use time: 0
l1 - l4: 14, l2 - l3: 0, l6 - l7: 13, l7 - l8: 0
mergeSize: 0 kb, use time: 0
l1 - l4: 14, l2 - l3: 0, l6 - l7: 13, l7 - l8: 0
mergeSize: 0 kb, use time: 0
l1 - l4: 14, l2 - l3: 0, l6 - l7: 13, l7 - l8: 0
l4 - l5: 0
mergeSize: 2 kb, use time: 1
l1 - l4: 15, l2 - l3: 0, l6 - l7: 12, l7 - l8: 2
mergeSize: 0 kb, use time: 0
l1 - l4: 14, l2 - l3: 0, l6 - l7: 13, l7 - l8: 1
mergeSize: 0 kb, use time: 0
l1 - l4: 14, l2 - l3: 0, l6 - l7: 14, l7 - l8: 0
mergeSize: 0 kb, use time: 0
l1 - l4: 18, l2 - l3: 0, l6 - l7: 10, l7 - l8: 0
mergeSize: 0 kb, use time: 0
l1 - l4: 17, l2 - l3: 0, l6 - l7: 10, l7 - l8: 0
mergeSize: 0 kb, use time: 0
l1 - l4: 14, l2 - l3: 0, l6 - l7: 10, l7 - l8: 0
mergeSize: 0 kb, use time: 0
l1 - l4: 17, l2 - l3: 0, l6 - l7: 10, l7 - l8: 1
mergeSize: 0 kb, use time: 0
l1 - l4: 17, l2 - l3: 0, l6 - l7: 11, l7 - l8: 0
mergeSize: 0 kb, use time: 0
l1 - l4: 14, l2 - l3: 0, l6 - l7: 11, l7 - l8: 0
mergeSize: 0 kb, use time: 0
l1 - l4: 17, l2 - l3: 0, l6 - l7: 11, l7 - l8: 0
mergeSize: 0 kb, use time: 0
l1 - l4: 14, l2 - l3: 0, l6 - l7: 10, l7 - l8: 0
mergeSize: 0 kb, use time: 0
l1 - l4: 15, l2 - l3: 0, l6 - l7: 10, l7 - l8: 0
mergeSize: 0 kb, use time: 1
l1 - l4: 13, l2 - l3: 0, l6 - l7: 10, l7 - l8: 1
mergeSize: 0 kb, use time: 0
l1 - l4: 15, l2 - l3: 0, l6 - l7: 11, l7 - l8: 0
l4 - l5: 0
l4 - l5: 0
l4 - l5: 0
l4 - l5: 0
mergeSize: 29 kb, use time: 1
l1 - l4: 9, l2 - l3: 0, l6 - l7: 0, l7 - l8: 1
l4 - l5: 0
l4 - l5: 0
l4 - l5: 0
mergeSize: 22 kb, use time: 0
l1 - l4: 10, l2 - l3: 0, l6 - l7: 0, l7 - l8: 1
l4 - l5: 0
mergeSize: 4 kb, use time: 0
l1 - l4: 0, l2 - l3: 0, l6 - l7: 0, l7 - l8: 0
l4 - l5: 0
l4 - l5: 0
l4 - l5: 0
l4 - l5: 0
l4 - l5: 0
l4 - l5: 0
mergeSize: 68 kb, use time: 1
l1 - l4: 10, l2 - l3: 0, l6 - l7: 0, l7 - l8: 1
l4 - l5: 0
l4 - l5: 0
l4 - l5: 0
l4 - l5: 0
l4 - l5: 0
l4 - l5: 0
l4 - l5: 0
mergeSize: 61 kb, use time: 0
l1 - l4: 11, l2 - l3: 0, l6 - l7: 0, l7 - l8: 1
l4 - l5: 0
l4 - l5: 0
l4 - l5: 0
l4 - l5: 0
l4 - l5: 0
mergeSize: 53 kb, use time: 0
l1 - l4: 11, l2 - l3: 0, l6 - l7: 0, l7 - l8: 0
l4 - l5: 0
l4 - l5: 0
l4 - l5: 0
mergeSize: 37 kb, use time: 0
l1 - l4: 11, l2 - l3: 0, l6 - l7: 0, l7 - l8: 0
l4 - l5: 0
l4 - l5: 0
mergeSize: 21 kb, use time: 2
l1 - l4: 11, l2 - l3: 0, l6 - l7: 0, l7 - l8: 2
l4 - l5: 0
mergeSize: 4 kb, use time: 0
l1 - l4: 12, l2 - l3: 0, l6 - l7: 13, l7 - l8: 0
l4 - l5: 0
l4 - l5: 0
l4 - l5: 0
l4 - l5: 0
l4 - l5: 0
l4 - l5: 0
l4 - l5: 0
mergeSize: 77 kb, use time: 1
l1 - l4: 10, l2 - l3: 0, l6 - l7: 0, l7 - l8: 1
l4 - l5: 0
l4 - l5: 0
l4 - l5: 0
mergeSize: 19 kb, use time: 1
l1 - l4: 0, l2 - l3: 0, l6 - l7: 0, l7 - l8: 1
l4 - l5: 0
l4 - l5: 0
l4 - l5: 0
l4 - l5: 0
mergeSize: 44 kb, use time: 1
l1 - l4: 12, l2 - l3: 0, l6 - l7: 0, l7 - l8: 1
l4 - l5: 0
l4 - l5: 0
mergeSize: 21 kb, use time: 1
l1 - l4: 9, l2 - l3: 0, l6 - l7: 12, l7 - l8: 1
mergeSize: 0 kb, use time: 0
l1 - l4: 0, l2 - l3: 0, l6 - l7: 13, l7 - l8: 0
mergeSize: 0 kb, use time: 0
l1 - l4: 9, l2 - l3: 0, l6 - l7: 13, l7 - l8: 0
mergeSize: 0 kb, use time: 0
l1 - l4: 9, l2 - l3: 0, l6 - l7: 12, l7 - l8: 0
mergeSize: 0 kb, use time: 0
l1 - l4: 0, l2 - l3: 0, l6 - l7: 12, l7 - l8: 0
mergeSize: 0 kb, use time: 0
l1 - l4: 10, l2 - l3: 0, l6 - l7: 11, l7 - l8: 1
mergeSize: 0 kb, use time: 0
l1 - l4: 10, l2 - l3: 0, l6 - l7: 12, l7 - l8: 0
mergeSize: 0 kb, use time: 0
l1 - l4: 10, l2 - l3: 0, l6 - l7: 12, l7 - l8: 0
mergeSize: 0 kb, use time: 0
l1 - l4: 9, l2 - l3: 0, l6 - l7: 11, l7 - l8: 0
mergeSize: 0 kb, use time: 0
l1 - l4: 0, l2 - l3: 0, l6 - l7: 11, l7 - l8: 0
mergeSize: 0 kb, use time: 0
l1 - l4: 10, l2 - l3: 0, l6 - l7: 10, l7 - l8: 0
mergeSize: 0 kb, use time: 0
l1 - l4: 10, l2 - l3: 0, l6 - l7: 10, l7 - l8: 0
mergeSize: 0 kb, use time: 0
l1 - l4: 11, l2 - l3: 0, l6 - l7: 10, l7 - l8: 1
mergeSize: 0 kb, use time: 0
l1 - l4: 10, l2 - l3: 0, l6 - l7: 11, l7 - l8: 0
mergeSize: 0 kb, use time: 0
l1 - l4: 1, l2 - l3: 1, l6 - l7: 11, l7 - l8: 0
mergeSize: 0 kb, use time: 0
l1 - l4: 10, l2 - l3: 0, l6 - l7: 11, l7 - l8: 0
mergeSize: 0 kb, use time: 0
l1 - l4: 0, l2 - l3: 0, l6 - l7: 10, l7 - l8: 0
mergeSize: 0 kb, use time: 0
l1 - l4: 11, l2 - l3: 0, l6 - l7: 10, l7 - l8: 0
mergeSize: 0 kb, use time: 0
l1 - l4: 11, l2 - l3: 0, l6 - l7: 10, l7 - l8: 0
mergeSize: 0 kb, use time: 0
l1 - l4: 10, l2 - l3: 0, l6 - l7: 11, l7 - l8: 0
mergeSize: 0 kb, use time: 0
l1 - l4: 11, l2 - l3: 0, l6 - l7: 10, l7 - l8: 0
mergeSize: 0 kb, use time: 0
l1 - l4: 0, l2 - l3: 0, l6 - l7: 10, l7 - l8: 0
mergeSize: 0 kb, use time: 0
l1 - l4: 11, l2 - l3: 0, l6 - l7: 10, l7 - l8: 0
l4 - l5: 0
mergeSize: 12 kb, use time: 1
l1 - l4: 0, l2 - l3: 0, l6 - l7: 0, l7 - l8: 1
l4 - l5: 0
l4 - l5: 0
l4 - l5: 0
mergeSize: 16 kb, use time: 1
l1 - l4: 13, l2 - l3: 0, l6 - l7: 9, l7 - l8: 1
mergeSize: 0 kb, use time: 0
l1 - l4: 11, l2 - l3: 0, l6 - l7: 10, l7 - l8: 0
mergeSize: 0 kb, use time: 0
l1 - l4: 10, l2 - l3: 0, l6 - l7: 10, l7 - l8: 0
mergeSize: 0 kb, use time: 0
l1 - l4: 0, l2 - l3: 0, l6 - l7: 10, l7 - l8: 0
mergeSize: 0 kb, use time: 0
l1 - l4: 10, l2 - l3: 0, l6 - l7: 10, l7 - l8: 0
mergeSize: 0 kb, use time: 0
l1 - l4: 10, l2 - l3: 0, l6 - l7: 10, l7 - l8: 0
mergeSize: 0 kb, use time: 1
l1 - l4: 11, l2 - l3: 1, l6 - l7: 9, l7 - l8: 1
mergeSize: 0 kb, use time: 0
l1 - l4: 11, l2 - l3: 0, l6 - l7: 9, l7 - l8: 0
mergeSize: 0 kb, use time: 0
l1 - l4: 11, l2 - l3: 0, l6 - l7: 9, l7 - l8: 0
mergeSize: 0 kb, use time: 0
l1 - l4: 0, l2 - l3: 0, l6 - l7: 8, l7 - l8: 0
mergeSize: 0 kb, use time: 0
l1 - l4: 12, l2 - l3: 0, l6 - l7: 8, l7 - l8: 0
mergeSize: 0 kb, use time: 0
l1 - l4: 12, l2 - l3: 0, l6 - l7: 8, l7 - l8: 1
l4 - l5: 0
mergeSize: 3 kb, use time: 0
l1 - l4: 0, l2 - l3: 0, l6 - l7: 0, l7 - l8: 0
l4 - l5: 0
mergeSize: 9 kb, use time: 1
l1 - l4: 12, l2 - l3: 0, l6 - l7: 8, l7 - l8: 1
mergeSize: 0 kb, use time: 0
l1 - l4: 13, l2 - l3: 0, l6 - l7: 9, l7 - l8: 0
l4 - l5: 0
l4 - l5: 0
l4 - l5: 0
l4 - l5: 0
l4 - l5: 0
l4 - l5: 0
l4 - l5: 0
l4 - l5: 0
mergeSize: 45 kb, use time: 0
l1 - l4: 0, l2 - l3: 0, l6 - l7: 0, l7 - l8: 1
l4 - l5: 0
l4 - l5: 0
mergeSize: 11 kb, use time: 0
l1 - l4: 10, l2 - l3: 1, l6 - l7: 0, l7 - l8: 0
l4 - l5: 0
mergeSize: 5 kb, use time: 1
l1 - l4: 0, l2 - l3: 0, l6 - l7: 0, l7 - l8: 1
l4 - l5: 0
mergeSize: 5 kb, use time: 0
l1 - l4: 0, l2 - l3: 0, l6 - l7: 0, l7 - l8: 0
l4 - l5: 0
mergeSize: 12 kb, use time: 1
l1 - l4: 0, l2 - l3: 0, l6 - l7: 0, l7 - l8: 1
l4 - l5: 0
mergeSize: 6 kb, use time: 1
l1 - l4: 0, l2 - l3: 0, l6 - l7: 0, l7 - l8: 1
l4 - l5: 0
mergeSize: 15 kb, use time: 0
l1 - l4: 0, l2 - l3: 0, l6 - l7: 0, l7 - l8: 0
l4 - l5: 0
mergeSize: 9 kb, use time: 1
l1 - l4: 0, l2 - l3: 0, l6 - l7: 0, l7 - l8: 1
l4 - l5: 0
mergeSize: 8 kb, use time: 1
l1 - l4: 0, l2 - l3: 0, l6 - l7: 0, l7 - l8: 1
l4 - l5: 0
mergeSize: 4 kb, use time: 0
l1 - l4: 0, l2 - l3: 0, l6 - l7: 0, l7 - l8: 0
l4 - l5: 0
l4 - l5: 0
l4 - l5: 1
mergeSize: 27 kb, use time: 1
l1 - l4: 0, l2 - l3: 0, l6 - l7: 0, l7 - l8: 2
l4 - l5: 0
l4 - l5: 0
l4 - l5: 0
mergeSize: 34 kb, use time: 1
l1 - l4: 17, l2 - l3: 0, l6 - l7: 0, l7 - l8: 2
l4 - l5: 0
l4 - l5: 0
l4 - l5: 0
l4 - l5: 0
mergeSize: 42 kb, use time: 1
l1 - l4: 0, l2 - l3: 0, l6 - l7: 0, l7 - l8: 1
l4 - l5: 0
l4 - l5: 0
l4 - l5: 0
mergeSize: 37 kb, use time: 1
l1 - l4: 19, l2 - l3: 0, l6 - l7: 0, l7 - l8: 1
l4 - l5: 0
l4 - l5: 0
l4 - l5: 0
l4 - l5: 0
l4 - l5: 0
mergeSize: 44 kb, use time: 1
l1 - l4: 19, l2 - l3: 0, l6 - l7: 0, l7 - l8: 2
mergeSize: 0 kb, use time: 0
l1 - l4: 0, l2 - l3: 0, l6 - l7: 20, l7 - l8: 0
mergeSize: 0 kb, use time: 0
l1 - l4: 9, l2 - l3: 0, l6 - l7: 20, l7 - l8: 0
mergeSize: 0 kb, use time: 0
l1 - l4: 11, l2 - l3: 0, l6 - l7: 20, l7 - l8: 0
l4 - l5: 0
l4 - l5: 0
l4 - l5: 0
l4 - l5: 0
mergeSize: 40 kb, use time: 1
l1 - l4: 19, l2 - l3: 0, l6 - l7: 0, l7 - l8: 1
l4 - l5: 0
l4 - l5: 0
l4 - l5: 0
l4 - l5: 0
l4 - l5: 0
mergeSize: 52 kb, use time: 1
l1 - l4: 20, l2 - l3: 0, l6 - l7: 0, l7 - l8: 1
l4 - l5: 0
l4 - l5: 0
l4 - l5: 0
l4 - l5: 0
l4 - l5: 0
l4 - l5: 0
mergeSize: 51 kb, use time: 1
l1 - l4: 8, l2 - l3: 0, l6 - l7: 19, l7 - l8: 1
l4 - l5: 0
mergeSize: 11 kb, use time: 1
l1 - l4: 8, l2 - l3: 0, l6 - l7: 19, l7 - l8: 1
mergeSize: 0 kb, use time: 0
l1 - l4: 8, l2 - l3: 0, l6 - l7: 19, l7 - l8: 0
mergeSize: 0 kb, use time: 0
l1 - l4: 8, l2 - l3: 0, l6 - l7: 19, l7 - l8: 0
mergeSize: 0 kb, use time: 0
l1 - l4: 8, l2 - l3: 0, l6 - l7: 19, l7 - l8: 0
mergeSize: 0 kb, use time: 0
l1 - l4: 8, l2 - l3: 0, l6 - l7: 19, l7 - l8: 0
mergeSize: 0 kb, use time: 0
l1 - l4: 8, l2 - l3: 0, l6 - l7: 19, l7 - l8: 0
mergeSize: 0 kb, use time: 0
l1 - l4: 8, l2 - l3: 0, l6 - l7: 19, l7 - l8: 0
mergeSize: 0 kb, use time: 1
l1 - l4: 10, l2 - l3: 0, l6 - l7: 17, l7 - l8: 1
l4 - l5: 0
mergeSize: 16 kb, use time: 0
l1 - l4: 15, l2 - l3: 0, l6 - l7: 13, l7 - l8: 0
mergeSize: 0 kb, use time: 0
l1 - l4: 15, l2 - l3: 0, l6 - l7: 12, l7 - l8: 0
mergeSize: 0 kb, use time: 1
l1 - l4: 0, l2 - l3: 0, l6 - l7: 11, l7 - l8: 1
mergeSize: 0 kb, use time: 0
l1 - l4: 16, l2 - l3: 0, l6 - l7: 12, l7 - l8: 0
mergeSize: 0 kb, use time: 0
l1 - l4: 18, l2 - l3: 0, l6 - l7: 10, l7 - l8: 0
mergeSize: 0 kb, use time: 0
l1 - l4: 18, l2 - l3: 0, l6 - l7: 10, l7 - l8: 0
mergeSize: 0 kb, use time: 0
l1 - l4: 18, l2 - l3: 0, l6 - l7: 10, l7 - l8: 0
mergeSize: 0 kb, use time: 0
l1 - l4: 0, l2 - l3: 0, l6 - l7: 9, l7 - l8: 0
mergeSize: 0 kb, use time: 0
l1 - l4: 19, l2 - l3: 0, l6 - l7: 9, l7 - l8: 0
mergeSize: 0 kb, use time: 0
l1 - l4: 0, l2 - l3: 0, l6 - l7: 8, l7 - l8: 0
mergeSize: 0 kb, use time: 0
l1 - l4: 19, l2 - l3: 0, l6 - l7: 8, l7 - l8: 0
mergeSize: 0 kb, use time: 0
l1 - l4: 19, l2 - l3: 0, l6 - l7: 9, l7 - l8: 0
mergeSize: 0 kb, use time: 0
l1 - l4: 19, l2 - l3: 0, l6 - l7: 9, l7 - l8: 0
l4 - l5: 0
l4 - l5: 0
l4 - l5: 0
l4 - l5: 0
mergeSize: 16 kb, use time: 0
l1 - l4: 0, l2 - l3: 0, l6 - l7: 0, l7 - l8: 1
mergeSize: 0 kb, use time: 0
l1 - l4: 0, l2 - l3: 0, l6 - l7: 8, l7 - l8: 0
mergeSize: 0 kb, use time: 0
l1 - l4: 19, l2 - l3: 0, l6 - l7: 8, l7 - l8: 0
mergeSize: 0 kb, use time: 0
l1 - l4: 19, l2 - l3: 0, l6 - l7: 8, l7 - l8: 0
mergeSize: 0 kb, use time: 0
l1 - l4: 0, l2 - l3: 0, l6 - l7: 7, l7 - l8: 0
mergeSize: 0 kb, use time: 0
l1 - l4: 20, l2 - l3: 0, l6 - l7: 7, l7 - l8: 0
mergeSize: 0 kb, use time: 0
l1 - l4: 19, l2 - l3: 0, l6 - l7: 7, l7 - l8: 0
mergeSize: 0 kb, use time: 0
l1 - l4: 19, l2 - l3: 0, l6 - l7: 7, l7 - l8: 0
mergeSize: 0 kb, use time: 0
l1 - l4: 20, l2 - l3: 0, l6 - l7: 6, l7 - l8: 0
mergeSize: 0 kb, use time: 1
l1 - l4: 0, l2 - l3: 0, l6 - l7: 6, l7 - l8: 1
mergeSize: 0 kb, use time: 0
l1 - l4: 20, l2 - l3: 0, l6 - l7: 7, l7 - l8: 0
mergeSize: 0 kb, use time: 0
l1 - l4: 20, l2 - l3: 0, l6 - l7: 7, l7 - l8: 0
mergeSize: 0 kb, use time: 0
l1 - l4: 19, l2 - l3: 0, l6 - l7: 7, l7 - l8: 0
mergeSize: 0 kb, use time: 0
l1 - l4: 20, l2 - l3: 0, l6 - l7: 7, l7 - l8: 0
l4 - l5: 0
mergeSize: 15 kb, use time: 1
l1 - l4: 19, l2 - l3: 0, l6 - l7: 6, l7 - l8: 1
l4 - l5: 0
l4 - l5: 0
l4 - l5: 0
l4 - l5: 0
l4 - l5: 0
mergeSize: 37 kb, use time: 1
l1 - l4: 0, l2 - l3: 0, l6 - l7: 0, l7 - l8: 1
l4 - l5: 0
l4 - l5: 0
mergeSize: 14 kb, use time: 0
l1 - l4: 7, l2 - l3: 0, l6 - l7: 0, l7 - l8: 0
l4 - l5: 0
l4 - l5: 0
l4 - l5: 0
l4 - l5: 0
mergeSize: 15 kb, use time: 1
l1 - l4: 7, l2 - l3: 0, l6 - l7: 0, l7 - l8: 1
mergeSize: 0 kb, use time: 0
l1 - l4: 18, l2 - l3: 0, l6 - l7: 7, l7 - l8: 0
l4 - l5: 0
l4 - l5: 0
l4 - l5: 0
l4 - l5: 0
l4 - l5: 0
l4 - l5: 0
mergeSize: 66 kb, use time: 1
l1 - l4: 6, l2 - l3: 0, l6 - l7: 0, l7 - l8: 1
l4 - l5: 0
l4 - l5: 0
l4 - l5: 0
l4 - l5: 0
l4 - l5: 0
l4 - l5: 0
l4 - l5: 0
mergeSize: 56 kb, use time: 1
l1 - l4: 7, l2 - l3: 0, l6 - l7: 0, l7 - l8: 1
l4 - l5: 0
mergeSize: 0 kb, use time: 1
l1 - l4: 7, l2 - l3: 0, l6 - l7: 7, l7 - l8: 1
mergeSize: 0 kb, use time: 0
l1 - l4: 7, l2 - l3: 0, l6 - l7: 8, l7 - l8: 0
mergeSize: 0 kb, use time: 0
l1 - l4: 7, l2 - l3: 0, l6 - l7: 8, l7 - l8: 0
l4 - l5: 0
l4 - l5: 0
l4 - l5: 0
l4 - l5: 0
l4 - l5: 0
mergeSize: 50 kb, use time: 1
l1 - l4: 7, l2 - l3: 0, l6 - l7: 0, l7 - l8: 1
l4 - l5: 0
l4 - l5: 0
l4 - l5: 0
l4 - l5: 0
l4 - l5: 0
mergeSize: 26 kb, use time: 1
l1 - l4: 8, l2 - l3: 0, l6 - l7: 0, l7 - l8: 1
l4 - l5: 0
l4 - l5: 0
l4 - l5: 0
l4 - l5: 0
l4 - l5: 0
mergeSize: 38 kb, use time: 0
l1 - l4: 8, l2 - l3: 0, l6 - l7: 0, l7 - l8: 1
l4 - l5: 0
l4 - l5: 0
mergeSize: 20 kb, use time: 0
l1 - l4: 0, l2 - l3: 0, l6 - l7: 1, l7 - l8: 1
l4 - l5: 0
mergeSize: 3 kb, use time: 1
l1 - l4: 6, l2 - l3: 0, l6 - l7: 11, l7 - l8: 1
mergeSize: 0 kb, use time: 0
l1 - l4: 6, l2 - l3: 0, l6 - l7: 11, l7 - l8: 0
mergeSize: 0 kb, use time: 0
l1 - l4: 6, l2 - l3: 0, l6 - l7: 11, l7 - l8: 0
mergeSize: 0 kb, use time: 0
l1 - l4: 6, l2 - l3: 0, l6 - l7: 11, l7 - l8: 0
mergeSize: 0 kb, use time: 0
l1 - l4: 6, l2 - l3: 0, l6 - l7: 11, l7 - l8: 0
mergeSize: 0 kb, use time: 0
l1 - l4: 0, l2 - l3: 0, l6 - l7: 10, l7 - l8: 0
mergeSize: 0 kb, use time: 0
l1 - l4: 6, l2 - l3: 0, l6 - l7: 10, l7 - l8: 0
mergeSize: 0 kb, use time: 1
l1 - l4: 0, l2 - l3: 0, l6 - l7: 10, l7 - l8: 1
mergeSize: 0 kb, use time: 0
l1 - l4: 6, l2 - l3: 0, l6 - l7: 11, l7 - l8: 0
l4 - l5: 0
mergeSize: 4 kb, use time: 0
l1 - l4: 7, l2 - l3: 0, l6 - l7: 10, l7 - l8: 0
mergeSize: 0 kb, use time: 0
l1 - l4: 6, l2 - l3: 0, l6 - l7: 10, l7 - l8: 0
mergeSize: 0 kb, use time: 0
l1 - l4: 6, l2 - l3: 0, l6 - l7: 11, l7 - l8: 0
mergeSize: 0 kb, use time: 0
l1 - l4: 0, l2 - l3: 0, l6 - l7: 11, l7 - l8: 0
mergeSize: 0 kb, use time: 0
l1 - l4: 6, l2 - l3: 0, l6 - l7: 11, l7 - l8: 0
mergeSize: 0 kb, use time: 0
l1 - l4: 7, l2 - l3: 0, l6 - l7: 10, l7 - l8: 0
mergeSize: 0 kb, use time: 0
l1 - l4: 0, l2 - l3: 0, l6 - l7: 10, l7 - l8: 0
mergeSize: 0 kb, use time: 0
l1 - l4: 7, l2 - l3: 0, l6 - l7: 10, l7 - l8: 0
mergeSize: 0 kb, use time: 0
l1 - l4: 7, l2 - l3: 0, l6 - l7: 10, l7 - l8: 0
mergeSize: 0 kb, use time: 0
l1 - l4: 7, l2 - l3: 0, l6 - l7: 10, l7 - l8: 0
mergeSize: 0 kb, use time: 0
l1 - l4: 6, l2 - l3: 0, l6 - l7: 10, l7 - l8: 0
l4 - l5: 0
mergeSize: 5 kb, use time: 1
l1 - l4: 7, l2 - l3: 0, l6 - l7: 9, l7 - l8: 1
l4 - l5: 0
l4 - l5: 0
l4 - l5: 0
mergeSize: 35 kb, use time: 1
l1 - l4: 0, l2 - l3: 0, l6 - l7: 9, l7 - l8: 1
mergeSize: 0 kb, use time: 0
l1 - l4: 7, l2 - l3: 0, l6 - l7: 10, l7 - l8: 0
mergeSize: 0 kb, use time: 0
l1 - l4: 7, l2 - l3: 0, l6 - l7: 10, l7 - l8: 0
mergeSize: 0 kb, use time: 0
l1 - l4: 7, l2 - l3: 0, l6 - l7: 10, l7 - l8: 0
mergeSize: 0 kb, use time: 0
l1 - l4: 8, l2 - l3: 0, l6 - l7: 9, l7 - l8: 0
mergeSize: 0 kb, use time: 0
l1 - l4: 8, l2 - l3: 0, l6 - l7: 9, l7 - l8: 0
mergeSize: 0 kb, use time: 0
l1 - l4: 8, l2 - l3: 0, l6 - l7: 9, l7 - l8: 0
mergeSize: 0 kb, use time: 0
l1 - l4: 0, l2 - l3: 0, l6 - l7: 9, l7 - l8: 0
mergeSize: 0 kb, use time: 0
l1 - l4: 9, l2 - l3: 0, l6 - l7: 8, l7 - l8: 1
mergeSize: 0 kb, use time: 0
l1 - l4: 0, l2 - l3: 0, l6 - l7: 9, l7 - l8: 0
mergeSize: 0 kb, use time: 0
l1 - l4: 8, l2 - l3: 0, l6 - l7: 9, l7 - l8: 0
mergeSize: 0 kb, use time: 0
l1 - l4: 8, l2 - l3: 0, l6 - l7: 9, l7 - l8: 0
mergeSize: 0 kb, use time: 0
l1 - l4: 10, l2 - l3: 1, l6 - l7: 7, l7 - l8: 0
l4 - l5: 0
mergeSize: 13 kb, use time: 0
l1 - l4: 11, l2 - l3: 0, l6 - l7: 6, l7 - l8: 1
l4 - l5: 0
l4 - l5: 0
l4 - l5: 0
l4 - l5: 0
mergeSize: 25 kb, use time: 0
l1 - l4: 6, l2 - l3: 0, l6 - l7: 0, l7 - l8: 1
l4 - l5: 0
l4 - l5: 0
l4 - l5: 1
mergeSize: 45 kb, use time: 0
l1 - l4: 0, l2 - l3: 0, l6 - l7: 1, l7 - l8: 0
l4 - l5: 0
l4 - l5: 0
l4 - l5: 0
l4 - l5: 0
l4 - l5: 0
mergeSize: 42 kb, use time: 1
l1 - l4: 10, l2 - l3: 0, l6 - l7: 7, l7 - l8: 1
l4 - l5: 0
mergeSize: 12 kb, use time: 1
l1 - l4: 8, l2 - l3: 0, l6 - l7: 0, l7 - l8: 1
l4 - l5: 0
l4 - l5: 0
l4 - l5: 0
mergeSize: 31 kb, use time: 1
l1 - l4: 0, l2 - l3: 0, l6 - l7: 0, l7 - l8: 1
l4 - l5: 0
l4 - l5: 0
l4 - l5: 0
l4 - l5: 0
l4 - l5: 0
l4 - l5: 0
l4 - l5: 0
mergeSize: 63 kb, use time: 1
l1 - l4: 9, l2 - l3: 0, l6 - l7: 0, l7 - l8: 2
l4 - l5: 0
l4 - l5: 0
l4 - l5: 0
mergeSize: 21 kb, use time: 1
l1 - l4: 9, l2 - l3: 0, l6 - l7: 11, l7 - l8: 1
mergeSize: 0 kb, use time: 0
l1 - l4: 0, l2 - l3: 0, l6 - l7: 11, l7 - l8: 0
mergeSize: 0 kb, use time: 0
l1 - l4: 9, l2 - l3: 0, l6 - l7: 11, l7 - l8: 0
mergeSize: 0 kb, use time: 0
l1 - l4: 9, l2 - l3: 0, l6 - l7: 11, l7 - l8: 0
l4 - l5: 0
l4 - l5: 0
l4 - l5: 0
mergeSize: 30 kb, use time: 1
l1 - l4: 10, l2 - l3: 0, l6 - l7: 0, l7 - l8: 1
l4 - l5: 0
l4 - l5: 0
l4 - l5: 0
l4 - l5: 0
l4 - l5: 0
l4 - l5: 0
l4 - l5: 0
l4 - l5: 0
l4 - l5: 0
mergeSize: 71 kb, use time: 0
l1 - l4: 11, l2 - l3: 0, l6 - l7: 0, l7 - l8: 1
l4 - l5: 0
l4 - l5: 0
l4 - l5: 0
l4 - l5: 0
mergeSize: 42 kb, use time: 0
l1 - l4: 6, l2 - l3: 0, l6 - l7: 11, l7 - l8: 0
mergeSize: 0 kb, use time: 0
l1 - l4: 6, l2 - l3: 0, l6 - l7: 10, l7 - l8: 0
mergeSize: 0 kb, use time: 1
l1 - l4: 0, l2 - l3: 0, l6 - l7: 10, l7 - l8: 1
mergeSize: 0 kb, use time: 0
l1 - l4: 6, l2 - l3: 0, l6 - l7: 11, l7 - l8: 0
mergeSize: 0 kb, use time: 0
l1 - l4: 7, l2 - l3: 0, l6 - l7: 10, l7 - l8: 0
mergeSize: 0 kb, use time: 0
l1 - l4: 7, l2 - l3: 0, l6 - l7: 9, l7 - l8: 0
mergeSize: 0 kb, use time: 0
l1 - l4: 0, l2 - l3: 0, l6 - l7: 9, l7 - l8: 0
mergeSize: 0 kb, use time: 0
l1 - l4: 8, l2 - l3: 0, l6 - l7: 8, l7 - l8: 0
mergeSize: 0 kb, use time: 0
l1 - l4: 7, l2 - l3: 0, l6 - l7: 8, l7 - l8: 0
mergeSize: 0 kb, use time: 0
l1 - l4: 7, l2 - l3: 0, l6 - l7: 8, l7 - l8: 0
mergeSize: 0 kb, use time: 0
l1 - l4: 7, l2 - l3: 0, l6 - l7: 8, l7 - l8: 0
l4 - l5: 0
mergeSize: 7 kb, use time: 1
l1 - l4: 8, l2 - l3: 0, l6 - l7: 7, l7 - l8: 1
mergeSize: 0 kb, use time: 0
l1 - l4: 8, l2 - l3: 0, l6 - l7: 8, l7 - l8: 0
mergeSize: 0 kb, use time: 0
l1 - l4: 9, l2 - l3: 0, l6 - l7: 7, l7 - l8: 0
mergeSize: 0 kb, use time: 0
l1 - l4: 0, l2 - l3: 0, l6 - l7: 7, l7 - l8: 1
mergeSize: 0 kb, use time: 0
l1 - l4: 9, l2 - l3: 0, l6 - l7: 8, l7 - l8: 0
mergeSize: 0 kb, use time: 0
l1 - l4: 9, l2 - l3: 0, l6 - l7: 8, l7 - l8: 0
mergeSize: 0 kb, use time: 0
l1 - l4: 9, l2 - l3: 0, l6 - l7: 8, l7 - l8: 0
mergeSize: 0 kb, use time: 0
l1 - l4: 9, l2 - l3: 0, l6 - l7: 8, l7 - l8: 0
mergeSize: 0 kb, use time: 0
l1 - l4: 0, l2 - l3: 0, l6 - l7: 6, l7 - l8: 0
mergeSize: 0 kb, use time: 0
l1 - l4: 11, l2 - l3: 0, l6 - l7: 6, l7 - l8: 0
mergeSize: 0 kb, use time: 0
l1 - l4: 11, l2 - l3: 0, l6 - l7: 6, l7 - l8: 0
l4 - l5: 0
l4 - l5: 0
l4 - l5: 0
l4 - l5: 0
mergeSize: 37 kb, use time: 1
l1 - l4: 0, l2 - l3: 0, l6 - l7: 0, l7 - l8: 2
mergeSize: 0 kb, use time: 0
l1 - l4: 0, l2 - l3: 0, l6 - l7: 7, l7 - l8: 0
mergeSize: 0 kb, use time: 0
l1 - l4: 10, l2 - l3: 0, l6 - l7: 7, l7 - l8: 0
mergeSize: 0 kb, use time: 0
l1 - l4: 0, l2 - l3: 0, l6 - l7: 6, l7 - l8: 0
mergeSize: 0 kb, use time: 0
l1 - l4: 11, l2 - l3: 0, l6 - l7: 6, l7 - l8: 0
mergeSize: 0 kb, use time: 1
l1 - l4: 11, l2 - l3: 0, l6 - l7: 6, l7 - l8: 1
mergeSize: 0 kb, use time: 0
l1 - l4: 11, l2 - l3: 0, l6 - l7: 7, l7 - l8: 0
mergeSize: 0 kb, use time: 0
l1 - l4: 10, l2 - l3: 0, l6 - l7: 7, l7 - l8: 0
mergeSize: 0 kb, use time: 0
l1 - l4: 11, l2 - l3: 0, l6 - l7: 7, l7 - l8: 0
mergeSize: 0 kb, use time: 0
l1 - l4: 11, l2 - l3: 0, l6 - l7: 7, l7 - l8: 0
mergeSize: 0 kb, use time: 0
l1 - l4: 10, l2 - l3: 0, l6 - l7: 7, l7 - l8: 0
mergeSize: 0 kb, use time: 0
l1 - l4: 11, l2 - l3: 0, l6 - l7: 6, l7 - l8: 0
mergeSize: 0 kb, use time: 0
l1 - l4: 11, l2 - l3: 0, l6 - l7: 6, l7 - l8: 0
mergeSize: 0 kb, use time: 0
l1 - l4: 11, l2 - l3: 0, l6 - l7: 6, l7 - l8: 0
mergeSize: 0 kb, use time: 0
l1 - l4: 0, l2 - l3: 0, l6 - l7: 6, l7 - l8: 0
l4 - l5: 0
l4 - l5: 0
l4 - l5: 0
mergeSize: 20 kb, use time: 1
l1 - l4: 6, l2 - l3: 0, l6 - l7: 0, l7 - l8: 1
l4 - l5: 0
l4 - l5: 0
mergeSize: 17 kb, use time: 1
l1 - l4: 0, l2 - l3: 0, l6 - l7: 0, l7 - l8: 1
l4 - l5: 0
l4 - l5: 0
l4 - l5: 0
l4 - l5: 0
l4 - l5: 0
l4 - l5: 0
l4 - l5: 0
l4 - l5: 0
l4 - l5: 0
mergeSize: 71 kb, use time: 1
l1 - l4: 7, l2 - l3: 0, l6 - l7: 0, l7 - l8: 2
mergeSize: 0 kb, use time: 0
l1 - l4: 8, l2 - l3: 0, l6 - l7: 9, l7 - l8: 0
l4 - l5: 0
l4 - l5: 0
mergeSize: 7 kb, use time: 1
l1 - l4: 8, l2 - l3: 0, l6 - l7: 0, l7 - l8: 1
l4 - l5: 0
l4 - l5: 0
l4 - l5: 0
l4 - l5: 0
mergeSize: 32 kb, use time: 0
l1 - l4: 0, l2 - l3: 0, l6 - l7: 0, l7 - l8: 0
l4 - l5: 0
l4 - l5: 0
mergeSize: 24 kb, use time: 1
l1 - l4: 8, l2 - l3: 0, l6 - l7: 0, l7 - l8: 1
l4 - l5: 0
l4 - l5: 0
l4 - l5: 0
mergeSize: 36 kb, use time: 1
l1 - l4: 0, l2 - l3: 0, l6 - l7: 0, l7 - l8: 1
l4 - l5: 0
l4 - l5: 0
mergeSize: 16 kb, use time: 1
l1 - l4: 5, l2 - l3: 0, l6 - l7: 10, l7 - l8: 1
mergeSize: 0 kb, use time: 0
l1 - l4: 5, l2 - l3: 0, l6 - l7: 11, l7 - l8: 0
mergeSize: 0 kb, use time: 0
l1 - l4: 5, l2 - l3: 0, l6 - l7: 11, l7 - l8: 0
l4 - l5: 0
l4 - l5: 0
l4 - l5: 0
l4 - l5: 0
l4 - l5: 0
l4 - l5: 0
mergeSize: 42 kb, use time: 1
l1 - l4: 9, l2 - l3: 0, l6 - l7: 0, l7 - l8: 1
l4 - l5: 0
l4 - l5: 0
mergeSize: 19 kb, use time: 1
l1 - l4: 9, l2 - l3: 0, l6 - l7: 0, l7 - l8: 1
l4 - l5: 0
l4 - l5: 0
l4 - l5: 0
l4 - l5: 0
l4 - l5: 0
l4 - l5: 0
l4 - l5: 0
l4 - l5: 0
l4 - l5: 0
mergeSize: 102 kb, use time: 1
l1 - l4: 10, l2 - l3: 0, l6 - l7: 0, l7 - l8: 2
mergeSize: 0 kb, use time: 0
l1 - l4: 0, l2 - l3: 0, l6 - l7: 12, l7 - l8: 0
mergeSize: 0 kb, use time: 0
l1 - l4: 5, l2 - l3: 0, l6 - l7: 12, l7 - l8: 0
mergeSize: 0 kb, use time: 0
l1 - l4: 6, l2 - l3: 0, l6 - l7: 11, l7 - l8: 0
mergeSize: 0 kb, use time: 0
l1 - l4: 7, l2 - l3: 0, l6 - l7: 10, l7 - l8: 0
mergeSize: 0 kb, use time: 0
l1 - l4: 0, l2 - l3: 0, l6 - l7: 10, l7 - l8: 0
mergeSize: 0 kb, use time: 0
l1 - l4: 7, l2 - l3: 0, l6 - l7: 10, l7 - l8: 0
mergeSize: 0 kb, use time: 1
l1 - l4: 7, l2 - l3: 0, l6 - l7: 10, l7 - l8: 1
mergeSize: 0 kb, use time: 0
l1 - l4: 7, l2 - l3: 0, l6 - l7: 11, l7 - l8: 0
mergeSize: 0 kb, use time: 0
l1 - l4: 7, l2 - l3: 0, l6 - l7: 11, l7 - l8: 0
mergeSize: 0 kb, use time: 0
l1 - l4: 7, l2 - l3: 0, l6 - l7: 11, l7 - l8: 0
mergeSize: 0 kb, use time: 0
l1 - l4: 7, l2 - l3: 0, l6 - l7: 11, l7 - l8: 0
l4 - l5: 0
mergeSize: 2 kb, use time: 1
l1 - l4: 8, l2 - l3: 0, l6 - l7: 9, l7 - l8: 1
l4 - l5: 0
mergeSize: 14 kb, use time: 1
l1 - l4: 8, l2 - l3: 0, l6 - l7: 9, l7 - l8: 1
mergeSize: 0 kb, use time: 0
l1 - l4: 9, l2 - l3: 0, l6 - l7: 10, l7 - l8: 0
mergeSize: 0 kb, use time: 0
l1 - l4: 8, l2 - l3: 0, l6 - l7: 10, l7 - l8: 0
mergeSize: 0 kb, use time: 0
l1 - l4: 0, l2 - l3: 0, l6 - l7: 10, l7 - l8: 0
mergeSize: 0 kb, use time: 0
l1 - l4: 9, l2 - l3: 0, l6 - l7: 9, l7 - l8: 0
mergeSize: 0 kb, use time: 0
l1 - l4: 9, l2 - l3: 0, l6 - l7: 9, l7 - l8: 0
mergeSize: 0 kb, use time: 0
l1 - l4: 10, l2 - l3: 0, l6 - l7: 8, l7 - l8: 0
mergeSize: 0 kb, use time: 0
l1 - l4: 10, l2 - l3: 0, l6 - l7: 8, l7 - l8: 0
l4 - l5: 0
l4 - l5: 0
l4 - l5: 0
l4 - l5: 0
mergeSize: 37 kb, use time: 1
l1 - l4: 9, l2 - l3: 0, l6 - l7: 7, l7 - l8: 1
mergeSize: 0 kb, use time: 0
l1 - l4: 9, l2 - l3: 0, l6 - l7: 8, l7 - l8: 0
mergeSize: 0 kb, use time: 0
l1 - l4: 9, l2 - l3: 0, l6 - l7: 8, l7 - l8: 0
mergeSize: 0 kb, use time: 0
l1 - l4: 9, l2 - l3: 0, l6 - l7: 8, l7 - l8: 0
mergeSize: 0 kb, use time: 0
l1 - l4: 0, l2 - l3: 0, l6 - l7: 8, l7 - l8: 0
mergeSize: 0 kb, use time: 0
l1 - l4: 0, l2 - l3: 0, l6 - l7: 7, l7 - l8: 1
mergeSize: 0 kb, use time: 0
l1 - l4: 10, l2 - l3: 0, l6 - l7: 7, l7 - l8: 0
mergeSize: 0 kb, use time: 0
l1 - l4: 0, l2 - l3: 0, l6 - l7: 7, l7 - l8: 0
mergeSize: 0 kb, use time: 0
l1 - l4: 10, l2 - l3: 0, l6 - l7: 7, l7 - l8: 0
mergeSize: 0 kb, use time: 0
l1 - l4: 10, l2 - l3: 0, l6 - l7: 7, l7 - l8: 0
mergeSize: 0 kb, use time: 0
l1 - l4: 10, l2 - l3: 0, l6 - l7: 7, l7 - l8: 0
mergeSize: 0 kb, use time: 0
l1 - l4: 10, l2 - l3: 0, l6 - l7: 7, l7 - l8: 0
mergeSize: 0 kb, use time: 0
l1 - l4: 10, l2 - l3: 0, l6 - l7: 7, l7 - l8: 0
mergeSize: 0 kb, use time: 0
l1 - l4: 10, l2 - l3: 0, l6 - l7: 7, l7 - l8: 0
l4 - l5: 0
l4 - l5: 0
l4 - l5: 0
l4 - l5: 0
mergeSize: 28 kb, use time: 1
l1 - l4: 5, l2 - l3: 0, l6 - l7: 0, l7 - l8: 1
l4 - l5: 0
l4 - l5: 0
l4 - l5: 0
l4 - l5: 0
l4 - l5: 0
l4 - l5: 0
l4 - l5: 0
l4 - l5: 0
l4 - l5: 0
mergeSize: 80 kb, use time: 2
l1 - l4: 5, l2 - l3: 0, l6 - l7: 0, l7 - l8: 3
mergeSize: 0 kb, use time: 0
l1 - l4: 9, l2 - l3: 0, l6 - l7: 8, l7 - l8: 0
l4 - l5: 0
mergeSize: 15 kb, use time: 1
l1 - l4: 10, l2 - l3: 0, l6 - l7: 7, l7 - l8: 1
l4 - l5: 0
l4 - l5: 0
l4 - l5: 0
l4 - l5: 0
l4 - l5: 0
l4 - l5: 0
mergeSize: 52 kb, use time: 1
l1 - l4: 7, l2 - l3: 0, l6 - l7: 0, l7 - l8: 2
l4 - l5: 0
l4 - l5: 0
l4 - l5: 0
mergeSize: 14 kb, use time: 1
l1 - l4: 7, l2 - l3: 0, l6 - l7: 9, l7 - l8: 1
mergeSize: 0 kb, use time: 0
l1 - l4: 0, l2 - l3: 0, l6 - l7: 10, l7 - l8: 0
mergeSize: 0 kb, use time: 0
l1 - l4: 7, l2 - l3: 0, l6 - l7: 10, l7 - l8: 0
mergeSize: 0 kb, use time: 0
l1 - l4: 8, l2 - l3: 0, l6 - l7: 10, l7 - l8: 0
l4 - l5: 0
l4 - l5: 0
l4 - l5: 0
l4 - l5: 0
l4 - l5: 0
mergeSize: 31 kb, use time: 1
l1 - l4: 9, l2 - l3: 0, l6 - l7: 0, l7 - l8: 1
l4 - l5: 0
mergeSize: 5 kb, use time: 0
l1 - l4: 0, l2 - l3: 0, l6 - l7: 0, l7 - l8: 0
l4 - l5: 0
l4 - l5: 0
l4 - l5: 0
l4 - l5: 0
l4 - l5: 0
l4 - l5: 0
mergeSize: 65 kb, use time: 0
l1 - l4: 10, l2 - l3: 0, l6 - l7: 0, l7 - l8: 0
l4 - l5: 0
l4 - l5: 0
l4 - l5: 0
l4 - l5: 0
l4 - l5: 0
mergeSize: 60 kb, use time: 1
l1 - l4: 5, l2 - l3: 0, l6 - l7: 11, l7 - l8: 2
mergeSize: 0 kb, use time: 0
l1 - l4: 5, l2 - l3: 0, l6 - l7: 13, l7 - l8: 0
mergeSize: 0 kb, use time: 0
l1 - l4: 5, l2 - l3: 0, l6 - l7: 13, l7 - l8: 0
l4 - l5: 0
mergeSize: 6 kb, use time: 0
l1 - l4: 0, l2 - l3: 0, l6 - l7: 0, l7 - l8: 0
l4 - l5: 0
mergeSize: 8 kb, use time: 1
l1 - l4: 0, l2 - l3: 0, l6 - l7: 0, l7 - l8: 1
l4 - l5: 0
mergeSize: 2 kb, use time: 1
l1 - l4: 0, l2 - l3: 0, l6 - l7: 0, l7 - l8: 1
l4 - l5: 0
mergeSize: 13 kb, use time: 0
l1 - l4: 0, l2 - l3: 0, l6 - l7: 0, l7 - l8: 0
l4 - l5: 0
mergeSize: 2 kb, use time: 1
l1 - l4: 0, l2 - l3: 0, l6 - l7: 0, l7 - l8: 1
l4 - l5: 0
mergeSize: 10 kb, use time: 0
l1 - l4: 0, l2 - l3: 0, l6 - l7: 0, l7 - l8: 0
l4 - l5: 0
l4 - l5: 0
mergeSize: 20 kb, use time: 0
l1 - l4: 0, l2 - l3: 0, l6 - l7: 0, l7 - l8: 1
mergeSize: 0 kb, use time: 0
l1 - l4: 6, l2 - l3: 0, l6 - l7: 17, l7 - l8: 0
mergeSize: 0 kb, use time: 0
l1 - l4: 6, l2 - l3: 0, l6 - l7: 17, l7 - l8: 0
mergeSize: 0 kb, use time: 0
l1 - l4: 0, l2 - l3: 0, l6 - l7: 17, l7 - l8: 1
mergeSize: 0 kb, use time: 0
l1 - l4: 6, l2 - l3: 0, l6 - l7: 18, l7 - l8: 0
mergeSize: 0 kb, use time: 0
l1 - l4: 5, l2 - l3: 0, l6 - l7: 18, l7 - l8: 0
mergeSize: 0 kb, use time: 0
l1 - l4: 5, l2 - l3: 0, l6 - l7: 18, l7 - l8: 0
mergeSize: 0 kb, use time: 0
l1 - l4: 5, l2 - l3: 0, l6 - l7: 18, l7 - l8: 0
mergeSize: 0 kb, use time: 0
l1 - l4: 5, l2 - l3: 0, l6 - l7: 18, l7 - l8: 0
l4 - l5: 0
l4 - l5: 0
l4 - l5: 0
mergeSize: 26 kb, use time: 1
l1 - l4: 7, l2 - l3: 0, l6 - l7: 15, l7 - l8: 1
mergeSize: 0 kb, use time: 0
l1 - l4: 7, l2 - l3: 0, l6 - l7: 15, l7 - l8: 0
mergeSize: 0 kb, use time: 0
l1 - l4: 7, l2 - l3: 0, l6 - l7: 15, l7 - l8: 0
mergeSize: 0 kb, use time: 0
l1 - l4: 0, l2 - l3: 0, l6 - l7: 15, l7 - l8: 0
mergeSize: 0 kb, use time: 0
l1 - l4: 7, l2 - l3: 0, l6 - l7: 15, l7 - l8: 0
mergeSize: 0 kb, use time: 0
l1 - l4: 7, l2 - l3: 0, l6 - l7: 15, l7 - l8: 0
mergeSize: 0 kb, use time: 0
l1 - l4: 9, l2 - l3: 0, l6 - l7: 13, l7 - l8: 0
mergeSize: 0 kb, use time: 0
l1 - l4: 0, l2 - l3: 0, l6 - l7: 13, l7 - l8: 0
mergeSize: 0 kb, use time: 0
l1 - l4: 9, l2 - l3: 0, l6 - l7: 13, l7 - l8: 0
l4 - l5: 0
l4 - l5: 0
l4 - l5: 0
l4 - l5: 0
mergeSize: 26 kb, use time: 0
l1 - l4: 13, l2 - l3: 1, l6 - l7: 0, l7 - l8: 0
mergeSize: 0 kb, use time: 0
l1 - l4: 9, l2 - l3: 0, l6 - l7: 13, l7 - l8: 0
mergeSize: 0 kb, use time: 0
l1 - l4: 9, l2 - l3: 0, l6 - l7: 13, l7 - l8: 1
mergeSize: 0 kb, use time: 0
l1 - l4: 9, l2 - l3: 0, l6 - l7: 14, l7 - l8: 0
mergeSize: 0 kb, use time: 0
l1 - l4: 0, l2 - l3: 0, l6 - l7: 14, l7 - l8: 0
mergeSize: 0 kb, use time: 0
l1 - l4: 1, l2 - l3: 1, l6 - l7: 12, l7 - l8: 0
mergeSize: 0 kb, use time: 0
l1 - l4: 10, l2 - l3: 0, l6 - l7: 12, l7 - l8: 0
mergeSize: 0 kb, use time: 0
l1 - l4: 10, l2 - l3: 0, l6 - l7: 12, l7 - l8: 0
mergeSize: 0 kb, use time: 0
l1 - l4: 11, l2 - l3: 0, l6 - l7: 12, l7 - l8: 0
mergeSize: 0 kb, use time: 0
l1 - l4: 10, l2 - l3: 0, l6 - l7: 12, l7 - l8: 0
mergeSize: 0 kb, use time: 0
l1 - l4: 0, l2 - l3: 0, l6 - l7: 12, l7 - l8: 0
mergeSize: 0 kb, use time: 0
l1 - l4: 10, l2 - l3: 0, l6 - l7: 11, l7 - l8: 0
mergeSize: 0 kb, use time: 0
l1 - l4: 11, l2 - l3: 0, l6 - l7: 11, l7 - l8: 0
mergeSize: 0 kb, use time: 0
l1 - l4: 11, l2 - l3: 0, l6 - l7: 11, l7 - l8: 0
mergeSize: 0 kb, use time: 1
l1 - l4: 11, l2 - l3: 0, l6 - l7: 11, l7 - l8: 1
l4 - l5: 0
l4 - l5: 0
l4 - l5: 0
mergeSize: 27 kb, use time: 0
l1 - l4: 0, l2 - l3: 0, l6 - l7: 0, l7 - l8: 0
mergeSize: 0 kb, use time: 0
l1 - l4: 17, l2 - l3: 0, l6 - l7: 6, l7 - l8: 0
l4 - l5: 0
l4 - l5: 0
mergeSize: 18 kb, use time: 1
l1 - l4: 0, l2 - l3: 0, l6 - l7: 0, l7 - l8: 1
l4 - l5: 0
l4 - l5: 0
l4 - l5: 0
mergeSize: 32 kb, use time: 1
l1 - l4: 6, l2 - l3: 0, l6 - l7: 0, l7 - l8: 1
l4 - l5: 0
l4 - l5: 0
l4 - l5: 0
l4 - l5: 0
l4 - l5: 0
mergeSize: 42 kb, use time: 1
l1 - l4: 6, l2 - l3: 0, l6 - l7: 0, l7 - l8: 1
mergeSize: 0 kb, use time: 0
l1 - l4: 15, l2 - l3: 0, l6 - l7: 7, l7 - l8: 0
mergeSize: 0 kb, use time: 0
l1 - l4: 0, l2 - l3: 0, l6 - l7: 7, l7 - l8: 0
mergeSize: 0 kb, use time: 0
l1 - l4: 15, l2 - l3: 0, l6 - l7: 7, l7 - l8: 0
l4 - l5: 0
l4 - l5: 0
l4 - l5: 0
l4 - l5: 0
l4 - l5: 0
mergeSize: 24 kb, use time: 1
l1 - l4: 6, l2 - l3: 0, l6 - l7: 0, l7 - l8: 1
l4 - l5: 0
l4 - l5: 0
l4 - l5: 0
l4 - l5: 0
l4 - l5: 0
mergeSize: 37 kb, use time: 0
l1 - l4: 1, l2 - l3: 1, l6 - l7: 6, l7 - l8: 1
mergeSize: 0 kb, use time: 0
l1 - l4: 13, l2 - l3: 0, l6 - l7: 7, l7 - l8: 0
mergeSize: 0 kb, use time: 0
l1 - l4: 13, l2 - l3: 0, l6 - l7: 7, l7 - l8: 0
l4 - l5: 0
l4 - l5: 0
l4 - l5: 0
l4 - l5: 0
mergeSize: 31 kb, use time: 0
l1 - l4: 7, l2 - l3: 0, l6 - l7: 0, l7 - l8: 0
l4 - l5: 0
l4 - l5: 1
mergeSize: 24 kb, use time: 0
l1 - l4: 6, l2 - l3: 0, l6 - l7: 0, l7 - l8: 0
l4 - l5: 0
l4 - l5: 0
l4 - l5: 0
l4 - l5: 0
l4 - l5: 0
mergeSize: 47 kb, use time: 1
l1 - l4: 0, l2 - l3: 0, l6 - l7: 0, l7 - l8: 1
l4 - l5: 0
l4 - l5: 0
l4 - l5: 0
l4 - l5: 0
l4 - l5: 0
mergeSize: 38 kb, use time: 1
l1 - l4: 8, l2 - l3: 0, l6 - l7: 0, l7 - l8: 1
l4 - l5: 0
l4 - l5: 0
l4 - l5: 0
mergeSize: 25 kb, use time: 0
l1 - l4: 0, l2 - l3: 0, l6 - l7: 0, l7 - l8: 1
mergeSize: 0 kb, use time: 0
l1 - l4: 10, l2 - l3: 0, l6 - l7: 9, l7 - l8: 0
mergeSize: 0 kb, use time: 0
l1 - l4: 10, l2 - l3: 0, l6 - l7: 9, l7 - l8: 0
l4 - l5: 0
mergeSize: 7 kb, use time: 0
l1 - l4: 5, l2 - l3: 0, l6 - l7: 9, l7 - l8: 0
mergeSize: 0 kb, use time: 0
l1 - l4: 6, l2 - l3: 0, l6 - l7: 8, l7 - l8: 0
mergeSize: 0 kb, use time: 0
l1 - l4: 5, l2 - l3: 0, l6 - l7: 8, l7 - l8: 0
l4 - l5: 0
mergeSize: 7 kb, use time: 0
l1 - l4: 6, l2 - l3: 0, l6 - l7: 8, l7 - l8: 1
mergeSize: 0 kb, use time: 0
l1 - l4: 6, l2 - l3: 0, l6 - l7: 9, l7 - l8: 0
mergeSize: 0 kb, use time: 0
l1 - l4: 0, l2 - l3: 0, l6 - l7: 9, l7 - l8: 0
mergeSize: 0 kb, use time: 0
l1 - l4: 6, l2 - l3: 0, l6 - l7: 9, l7 - l8: 0
l4 - l5: 0
l4 - l5: 0
l4 - l5: 0
mergeSize: 29 kb, use time: 0
l1 - l4: 8, l2 - l3: 0, l6 - l7: 1, l7 - l8: 0
l4 - l5: 0
mergeSize: 4 kb, use time: 1
l1 - l4: 0, l2 - l3: 0, l6 - l7: 9, l7 - l8: 1
mergeSize: 0 kb, use time: 0
l1 - l4: 6, l2 - l3: 0, l6 - l7: 10, l7 - l8: 0
mergeSize: 0 kb, use time: 0
l1 - l4: 6, l2 - l3: 0, l6 - l7: 10, l7 - l8: 0
mergeSize: 0 kb, use time: 0
l1 - l4: 6, l2 - l3: 0, l6 - l7: 10, l7 - l8: 0
mergeSize: 0 kb, use time: 0
l1 - l4: 0, l2 - l3: 0, l6 - l7: 9, l7 - l8: 0
mergeSize: 0 kb, use time: 0
l1 - l4: 7, l2 - l3: 0, l6 - l7: 9, l7 - l8: 0
mergeSize: 0 kb, use time: 0
l1 - l4: 7, l2 - l3: 0, l6 - l7: 9, l7 - l8: 0
mergeSize: 0 kb, use time: 0
l1 - l4: 7, l2 - l3: 0, l6 - l7: 9, l7 - l8: 0
mergeSize: 0 kb, use time: 0
l1 - l4: 7, l2 - l3: 0, l6 - l7: 9, l7 - l8: 0
l4 - l5: 0
l4 - l5: 0
l4 - l5: 0
mergeSize: 39 kb, use time: 0
l1 - l4: 7, l2 - l3: 0, l6 - l7: 9, l7 - l8: 0
mergeSize: 0 kb, use time: 0
l1 - l4: 6, l2 - l3: 0, l6 - l7: 9, l7 - l8: 0
mergeSize: 0 kb, use time: 0
l1 - l4: 0, l2 - l3: 0, l6 - l7: 9, l7 - l8: 0
mergeSize: 0 kb, use time: 0
l1 - l4: 0, l2 - l3: 0, l6 - l7: 8, l7 - l8: 0
mergeSize: 0 kb, use time: 1
l1 - l4: 7, l2 - l3: 0, l6 - l7: 8, l7 - l8: 1
mergeSize: 0 kb, use time: 0
l1 - l4: 7, l2 - l3: 0, l6 - l7: 9, l7 - l8: 0
mergeSize: 0 kb, use time: 0
l1 - l4: 7, l2 - l3: 0, l6 - l7: 9, l7 - l8: 0
mergeSize: 0 kb, use time: 0
l1 - l4: 7, l2 - l3: 0, l6 - l7: 9, l7 - l8: 0
mergeSize: 0 kb, use time: 0
l1 - l4: 8, l2 - l3: 0, l6 - l7: 8, l7 - l8: 0
mergeSize: 0 kb, use time: 0
l1 - l4: 8, l2 - l3: 0, l6 - l7: 8, l7 - l8: 0
mergeSize: 0 kb, use time: 0
l1 - l4: 8, l2 - l3: 0, l6 - l7: 8, l7 - l8: 0
mergeSize: 0 kb, use time: 0
l1 - l4: 0, l2 - l3: 0, l6 - l7: 8, l7 - l8: 0
mergeSize: 0 kb, use time: 0
l1 - l4: 9, l2 - l3: 0, l6 - l7: 7, l7 - l8: 0
mergeSize: 0 kb, use time: 0
l1 - l4: 9, l2 - l3: 0, l6 - l7: 7, l7 - l8: 0
l4 - l5: 0
l4 - l5: 0
mergeSize: 7 kb, use time: 1
l1 - l4: 6, l2 - l3: 0, l6 - l7: 0, l7 - l8: 1
l4 - l5: 0
l4 - l5: 0
l4 - l5: 0
mergeSize: 22 kb, use time: 1
l1 - l4: 9, l2 - l3: 0, l6 - l7: 7, l7 - l8: 1
l4 - l5: 0
l4 - l5: 0
l4 - l5: 0
l4 - l5: 0
mergeSize: 34 kb, use time: 0
l1 - l4: 9, l2 - l3: 0, l6 - l7: 7, l7 - l8: 0
l4 - l5: 0
l4 - l5: 0
l4 - l5: 0
mergeSize: 21 kb, use time: 1
l1 - l4: 0, l2 - l3: 0, l6 - l7: 0, l7 - l8: 1
l4 - l5: 0
mergeSize: 4 kb, use time: 1
l1 - l4: 9, l2 - l3: 1, l6 - l7: 6, l7 - l8: 1
mergeSize: 0 kb, use time: 0
l1 - l4: 0, l2 - l3: 0, l6 - l7: 7, l7 - l8: 0
l4 - l5: 0
l4 - l5: 0
mergeSize: 8 kb, use time: 1
l1 - l4: 0, l2 - l3: 0, l6 - l7: 0, l7 - l8: 1
mergeSize: 0 kb, use time: 0
l1 - l4: 9, l2 - l3: 0, l6 - l7: 8, l7 - l8: 0
l4 - l5: 0
l4 - l5: 0
l4 - l5: 0
l4 - l5: 0
l4 - l5: 0
l4 - l5: 0
mergeSize: 62 kb, use time: 1
l1 - l4: 7, l2 - l3: 0, l6 - l7: 0, l7 - l8: 1
l4 - l5: 0
l4 - l5: 0
l4 - l5: 0
l4 - l5: 0
mergeSize: 40 kb, use time: 0
l1 - l4: 1, l2 - l3: 1, l6 - l7: 7, l7 - l8: 0
mergeSize: 0 kb, use time: 0
l1 - l4: 9, l2 - l3: 1, l6 - l7: 7, l7 - l8: 1
mergeSize: 0 kb, use time: 0
l1 - l4: 9, l2 - l3: 1, l6 - l7: 8, l7 - l8: 0
l4 - l5: 0
l4 - l5: 0
l4 - l5: 0
l4 - l5: 0
mergeSize: 19 kb, use time: 0
l1 - l4: 8, l2 - l3: 0, l6 - l7: 0, l7 - l8: 1
l4 - l5: 0
l4 - l5: 0
l4 - l5: 0
mergeSize: 26 kb, use time: 1
l1 - l4: 0, l2 - l3: 0, l6 - l7: 0, l7 - l8: 1
l4 - l5: 0
l4 - l5: 0
l4 - l5: 0
mergeSize: 24 kb, use time: 1
l1 - l4: 0, l2 - l3: 0, l6 - l7: 0, l7 - l8: 1
l4 - l5: 0
l4 - l5: 0
l4 - l5: 0
mergeSize: 38 kb, use time: 1
l1 - l4: 10, l2 - l3: 0, l6 - l7: 0, l7 - l8: 2
l4 - l5: 0
l4 - l5: 0
l4 - l5: 0
l4 - l5: 0
l4 - l5: 0
mergeSize: 27 kb, use time: 0
l1 - l4: 0, l2 - l3: 0, l6 - l7: 12, l7 - l8: 0
mergeSize: 0 kb, use time: 0
l1 - l4: 0, l2 - l3: 0, l6 - l7: 11, l7 - l8: 0
mergeSize: 0 kb, use time: 1
l1 - l4: 7, l2 - l3: 0, l6 - l7: 11, l7 - l8: 1
mergeSize: 0 kb, use time: 0
l1 - l4: 7, l2 - l3: 0, l6 - l7: 12, l7 - l8: 0
mergeSize: 0 kb, use time: 0
l1 - l4: 8, l2 - l3: 0, l6 - l7: 11, l7 - l8: 0
mergeSize: 0 kb, use time: 0
l1 - l4: 8, l2 - l3: 0, l6 - l7: 11, l7 - l8: 0
mergeSize: 0 kb, use time: 0
l1 - l4: 7, l2 - l3: 0, l6 - l7: 11, l7 - l8: 0
mergeSize: 0 kb, use time: 0
l1 - l4: 0, l2 - l3: 0, l6 - l7: 11, l7 - l8: 0
mergeSize: 0 kb, use time: 0
l1 - l4: 6, l2 - l3: 0, l6 - l7: 11, l7 - l8: 0
mergeSize: 0 kb, use time: 0
l1 - l4: 6, l2 - l3: 0, l6 - l7: 11, l7 - l8: 0
l4 - l5: 0
mergeSize: 9 kb, use time: 1
l1 - l4: 7, l2 - l3: 0, l6 - l7: 10, l7 - l8: 1
l4 - l5: 0
mergeSize: 15 kb, use time: 0
l1 - l4: 7, l2 - l3: 0, l6 - l7: 10, l7 - l8: 0
l4 - l5: 0
mergeSize: 9 kb, use time: 1
l1 - l4: 0, l2 - l3: 0, l6 - l7: 9, l7 - l8: 1
mergeSize: 0 kb, use time: 0
l1 - l4: 7, l2 - l3: 0, l6 - l7: 10, l7 - l8: 0
mergeSize: 0 kb, use time: 0
l1 - l4: 7, l2 - l3: 0, l6 - l7: 10, l7 - l8: 0
mergeSize: 0 kb, use time: 0
l1 - l4: 7, l2 - l3: 0, l6 - l7: 10, l7 - l8: 0
mergeSize: 0 kb, use time: 0
l1 - l4: 7, l2 - l3: 0, l6 - l7: 10, l7 - l8: 0
mergeSize: 0 kb, use time: 0
l1 - l4: 0, l2 - l3: 0, l6 - l7: 9, l7 - l8: 0
mergeSize: 0 kb, use time: 1
l1 - l4: 8, l2 - l3: 0, l6 - l7: 9, l7 - l8: 1
mergeSize: 0 kb, use time: 0
l1 - l4: 8, l2 - l3: 0, l6 - l7: 10, l7 - l8: 0
mergeSize: 0 kb, use time: 0
l1 - l4: 8, l2 - l3: 0, l6 - l7: 10, l7 - l8: 0
l4 - l5: 0
l4 - l5: 0
l4 - l5: 0
mergeSize: 21 kb, use time: 1
l1 - l4: 8, l2 - l3: 0, l6 - l7: 9, l7 - l8: 1
mergeSize: 0 kb, use time: 0
l1 - l4: 0, l2 - l3: 0, l6 - l7: 10, l7 - l8: 0
mergeSize: 0 kb, use time: 0
l1 - l4: 8, l2 - l3: 0, l6 - l7: 10, l7 - l8: 0
mergeSize: 0 kb, use time: 0
l1 - l4: 9, l2 - l3: 0, l6 - l7: 9, l7 - l8: 0
mergeSize: 0 kb, use time: 0
l1 - l4: 8, l2 - l3: 0, l6 - l7: 9, l7 - l8: 0
mergeSize: 0 kb, use time: 0
l1 - l4: 9, l2 - l3: 0, l6 - l7: 8, l7 - l8: 0
mergeSize: 0 kb, use time: 0
l1 - l4: 9, l2 - l3: 0, l6 - l7: 8, l7 - l8: 0
mergeSize: 0 kb, use time: 0
l1 - l4: 10, l2 - l3: 0, l6 - l7: 7, l7 - l8: 0
mergeSize: 0 kb, use time: 0
l1 - l4: 0, l2 - l3: 0, l6 - l7: 7, l7 - l8: 0
mergeSize: 0 kb, use time: 0
l1 - l4: 0, l2 - l3: 0, l6 - l7: 5, l7 - l8: 0
mergeSize: 0 kb, use time: 0
l1 - l4: 12, l2 - l3: 0, l6 - l7: 5, l7 - l8: 0
mergeSize: 0 kb, use time: 0
l1 - l4: 12, l2 - l3: 0, l6 - l7: 5, l7 - l8: 0
mergeSize: 0 kb, use time: 0
l1 - l4: 12, l2 - l3: 0, l6 - l7: 5, l7 - l8: 1
mergeSize: 0 kb, use time: 0
l1 - l4: 12, l2 - l3: 0, l6 - l7: 6, l7 - l8: 0
l4 - l5: 0
l4 - l5: 0
l4 - l5: 0
mergeSize: 34 kb, use time: 0
l1 - l4: 0, l2 - l3: 0, l6 - l7: 0, l7 - l8: 0
l4 - l5: 0
l4 - l5: 0
l4 - l5: 0
mergeSize: 26 kb, use time: 0
l1 - l4: 5, l2 - l3: 0, l6 - l7: 0, l7 - l8: 0
l4 - l5: 0
l4 - l5: 0
l4 - l5: 0
l4 - l5: 0
mergeSize: 27 kb, use time: 1
l1 - l4: 0, l2 - l3: 0, l6 - l7: 0, l7 - l8: 1
l4 - l5: 0
l4 - l5: 0
l4 - l5: 0
mergeSize: 20 kb, use time: 1
l1 - l4: 7, l2 - l3: 0, l6 - l7: 0, l7 - l8: 1
l4 - l5: 0
mergeSize: 10 kb, use time: 0
l1 - l4: 10, l2 - l3: 0, l6 - l7: 8, l7 - l8: 0
l4 - l5: 0
mergeSize: 1 kb, use time: 1
l1 - l4: 10, l2 - l3: 0, l6 - l7: 7, l7 - l8: 1
l4 - l5: 0
mergeSize: 9 kb, use time: 0
l1 - l4: 9, l2 - l3: 0, l6 - l7: 8, l7 - l8: 0
l4 - l5: 0
l4 - l5: 0
l4 - l5: 0
l4 - l5: 0
l4 - l5: 0
l4 - l5: 0
l4 - l5: 0
l4 - l5: 0
mergeSize: 70 kb, use time: 1
l1 - l4: 6, l2 - l3: 0, l6 - l7: 0, l7 - l8: 1
l4 - l5: 0
mergeSize: 12 kb, use time: 1
l1 - l4: 9, l2 - l3: 0, l6 - l7: 7, l7 - l8: 1
mergeSize: 0 kb, use time: 0
l1 - l4: 0, l2 - l3: 0, l6 - l7: 8, l7 - l8: 0
mergeSize: 0 kb, use time: 0
l1 - l4: 10, l2 - l3: 0, l6 - l7: 8, l7 - l8: 0
l4 - l5: 0
l4 - l5: 0
mergeSize: 18 kb, use time: 1
l1 - l4: 0, l2 - l3: 0, l6 - l7: 0, l7 - l8: 1
l4 - l5: 0
l4 - l5: 0
l4 - l5: 0
l4 - l5: 0
mergeSize: 17 kb, use time: 0
l1 - l4: 8, l2 - l3: 0, l6 - l7: 0, l7 - l8: 0
l4 - l5: 0
l4 - l5: 0
mergeSize: 7 kb, use time: 1
l1 - l4: 0, l2 - l3: 0, l6 - l7: 0, l7 - l8: 1
l4 - l5: 0
l4 - l5: 0
mergeSize: 25 kb, use time: 1
l1 - l4: 9, l2 - l3: 0, l6 - l7: 0, l7 - l8: 1
l4 - l5: 0
l4 - l5: 0
l4 - l5: 0
mergeSize: 29 kb, use time: 0
l1 - l4: 0, l2 - l3: 0, l6 - l7: 0, l7 - l8: 0
l4 - l5: 0
l4 - l5: 0
mergeSize: 23 kb, use time: 1
l1 - l4: 0, l2 - l3: 0, l6 - l7: 0, l7 - l8: 1
l4 - l5: 0
l4 - l5: 0
mergeSize: 18 kb, use time: 1
l1 - l4: 0, l2 - l3: 0, l6 - l7: 0, l7 - l8: 1
l4 - l5: 0
l4 - l5: 0
mergeSize: 15 kb, use time: 0
l1 - l4: 0, l2 - l3: 0, l6 - l7: 0, l7 - l8: 0
l4 - l5: 0
l4 - l5: 0
l4 - l5: 0
mergeSize: 30 kb, use time: 1
l1 - l4: 0, l2 - l3: 0, l6 - l7: 0, l7 - l8: 1
mergeSize: 0 kb, use time: 0
l1 - l4: 6, l2 - l3: 0, l6 - l7: 12, l7 - l8: 0
mergeSize: 0 kb, use time: 0
l1 - l4: 6, l2 - l3: 0, l6 - l7: 12, l7 - l8: 0
mergeSize: 0 kb, use time: 0
l1 - l4: 0, l2 - l3: 0, l6 - l7: 11, l7 - l8: 0
mergeSize: 0 kb, use time: 0
l1 - l4: 6, l2 - l3: 0, l6 - l7: 11, l7 - l8: 0
mergeSize: 0 kb, use time: 0
l1 - l4: 6, l2 - l3: 0, l6 - l7: 11, l7 - l8: 0
mergeSize: 0 kb, use time: 0
l1 - l4: 6, l2 - l3: 0, l6 - l7: 11, l7 - l8: 0
mergeSize: 0 kb, use time: 0
l1 - l4: 6, l2 - l3: 0, l6 - l7: 11, l7 - l8: 1
mergeSize: 0 kb, use time: 0
l1 - l4: 7, l2 - l3: 0, l6 - l7: 11, l7 - l8: 0
mergeSize: 0 kb, use time: 0
l1 - l4: 0, l2 - l3: 0, l6 - l7: 11, l7 - l8: 0
l4 - l5: 0
mergeSize: 5 kb, use time: 0
l1 - l4: 8, l2 - l3: 0, l6 - l7: 10, l7 - l8: 0
l4 - l5: 0
mergeSize: 10 kb, use time: 1
l1 - l4: 7, l2 - l3: 0, l6 - l7: 10, l7 - l8: 1
l4 - l5: 0
mergeSize: 7 kb, use time: 0
l1 - l4: 8, l2 - l3: 0, l6 - l7: 10, l7 - l8: 0
mergeSize: 0 kb, use time: 1
l1 - l4: 0, l2 - l3: 0, l6 - l7: 10, l7 - l8: 1
mergeSize: 0 kb, use time: 0
l1 - l4: 7, l2 - l3: 0, l6 - l7: 11, l7 - l8: 0
mergeSize: 0 kb, use time: 0
l1 - l4: 7, l2 - l3: 0, l6 - l7: 11, l7 - l8: 0
mergeSize: 0 kb, use time: 0
l1 - l4: 7, l2 - l3: 0, l6 - l7: 11, l7 - l8: 0
mergeSize: 0 kb, use time: 0
l1 - l4: 7, l2 - l3: 0, l6 - l7: 11, l7 - l8: 0
mergeSize: 0 kb, use time: 0
l1 - l4: 6, l2 - l3: 0, l6 - l7: 11, l7 - l8: 0
mergeSize: 0 kb, use time: 0
l1 - l4: 7, l2 - l3: 0, l6 - l7: 11, l7 - l8: 0
l4 - l5: 0
mergeSize: 0 kb, use time: 1
l1 - l4: 7, l2 - l3: 0, l6 - l7: 10, l7 - l8: 1
l4 - l5: 0
l4 - l5: 0
l4 - l5: 0
mergeSize: 28 kb, use time: 0
l1 - l4: 10, l2 - l3: 0, l6 - l7: 0, l7 - l8: 0
mergeSize: 0 kb, use time: 0
l1 - l4: 7, l2 - l3: 0, l6 - l7: 10, l7 - l8: 1
mergeSize: 0 kb, use time: 0
l1 - l4: 8, l2 - l3: 0, l6 - l7: 10, l7 - l8: 0
mergeSize: 0 kb, use time: 0
l1 - l4: 8, l2 - l3: 0, l6 - l7: 10, l7 - l8: 0
mergeSize: 0 kb, use time: 0
l1 - l4: 0, l2 - l3: 0, l6 - l7: 10, l7 - l8: 0
mergeSize: 0 kb, use time: 0
l1 - l4: 8, l2 - l3: 0, l6 - l7: 10, l7 - l8: 0
mergeSize: 0 kb, use time: 0
l1 - l4: 0, l2 - l3: 0, l6 - l7: 9, l7 - l8: 0
mergeSize: 0 kb, use time: 0
l1 - l4: 10, l2 - l3: 0, l6 - l7: 8, l7 - l8: 0
mergeSize: 0 kb, use time: 0
l1 - l4: 10, l2 - l3: 0, l6 - l7: 8, l7 - l8: 0
mergeSize: 0 kb, use time: 0
l1 - l4: 10, l2 - l3: 0, l6 - l7: 8, l7 - l8: 0
mergeSize: 0 kb, use time: 0
l1 - l4: 11, l2 - l3: 0, l6 - l7: 7, l7 - l8: 0
mergeSize: 0 kb, use time: 0
l1 - l4: 12, l2 - l3: 0, l6 - l7: 6, l7 - l8: 0
mergeSize: 0 kb, use time: 0
l1 - l4: 12, l2 - l3: 0, l6 - l7: 6, l7 - l8: 0
mergeSize: 0 kb, use time: 0
l1 - l4: 11, l2 - l3: 0, l6 - l7: 6, l7 - l8: 0
l4 - l5: 0
l4 - l5: 0
l4 - l5: 0
l4 - l5: 0
mergeSize: 25 kb, use time: 0
l1 - l4: 0, l2 - l3: 0, l6 - l7: 0, l7 - l8: 0
l4 - l5: 0
l4 - l5: 0
mergeSize: 17 kb, use time: 1
l1 - l4: 6, l2 - l3: 0, l6 - l7: 0, l7 - l8: 1
l4 - l5: 0
l4 - l5: 0
l4 - l5: 0
mergeSize: 16 kb, use time: 0
l1 - l4: 0, l2 - l3: 0, l6 - l7: 0, l7 - l8: 0
l4 - l5: 0
l4 - l5: 0
mergeSize: 17 kb, use time: 0
l1 - l4: 0, l2 - l3: 0, l6 - l7: 0, l7 - l8: 0
l4 - l5: 0
l4 - l5: 0
l4 - l5: 0
l4 - l5: 0
mergeSize: 42 kb, use time: 1
l1 - l4: 7, l2 - l3: 0, l6 - l7: 0, l7 - l8: 1
mergeSize: 0 kb, use time: 0
l1 - l4: 10, l2 - l3: 0, l6 - l7: 8, l7 - l8: 0
l4 - l5: 0
mergeSize: 15 kb, use time: 1
l1 - l4: 10, l2 - l3: 0, l6 - l7: 8, l7 - l8: 1
l4 - l5: 0
mergeSize: 12 kb, use time: 0
l1 - l4: 10, l2 - l3: 0, l6 - l7: 8, l7 - l8: 0
l4 - l5: 0
l4 - l5: 0
mergeSize: 27 kb, use time: 1
l1 - l4: 0, l2 - l3: 0, l6 - l7: 0, l7 - l8: 1
l4 - l5: 0
l4 - l5: 0
mergeSize: 11 kb, use time: 0
l1 - l4: 0, l2 - l3: 0, l6 - l7: 0, l7 - l8: 0
l4 - l5: 0
l4 - l5: 0
l4 - l5: 0
l4 - l5: 0
l4 - l5: 0
l4 - l5: 0
l4 - l5: 0
mergeSize: 60 kb, use time: 0
l1 - l4: 9, l2 - l3: 0, l6 - l7: 0, l7 - l8: 0
mergeSize: 0 kb, use time: 0
l1 - l4: 10, l2 - l3: 0, l6 - l7: 9, l7 - l8: 0
mergeSize: 0 kb, use time: 0
l1 - l4: 0, l2 - l3: 0, l6 - l7: 8, l7 - l8: 0
mergeSize: 0 kb, use time: 1
l1 - l4: 10, l2 - l3: 0, l6 - l7: 8, l7 - l8: 1
l4 - l5: 0
l4 - l5: 0
mergeSize: 13 kb, use time: 0
l1 - l4: 0, l2 - l3: 0, l6 - l7: 0, l7 - l8: 0
l4 - l5: 0
l4 - l5: 0
l4 - l5: 0
mergeSize: 37 kb, use time: 1
l1 - l4: 8, l2 - l3: 0, l6 - l7: 0, l7 - l8: 1
l4 - l5: 0
l4 - l5: 0
l4 - l5: 0
l4 - l5: 0
l4 - l5: 0
mergeSize: 67 kb, use time: 1
l1 - l4: 9, l2 - l3: 0, l6 - l7: 0, l7 - l8: 1
l4 - l5: 0
l4 - l5: 0
l4 - l5: 0
l4 - l5: 0
mergeSize: 50 kb, use time: 1
l1 - l4: 10, l2 - l3: 0, l6 - l7: 0, l7 - l8: 1
l4 - l5: 0
l4 - l5: 0
l4 - l5: 0
l4 - l5: 0
mergeSize: 35 kb, use time: 1
l1 - l4: 11, l2 - l3: 0, l6 - l7: 0, l7 - l8: 1
mergeSize: 0 kb, use time: 0
l1 - l4: 6, l2 - l3: 0, l6 - l7: 11, l7 - l8: 0
mergeSize: 0 kb, use time: 0
l1 - l4: 6, l2 - l3: 0, l6 - l7: 11, l7 - l8: 0
mergeSize: 0 kb, use time: 0
l1 - l4: 6, l2 - l3: 0, l6 - l7: 11, l7 - l8: 0
mergeSize: 0 kb, use time: 0
l1 - l4: 0, l2 - l3: 0, l6 - l7: 11, l7 - l8: 0
mergeSize: 0 kb, use time: 0
l1 - l4: 7, l2 - l3: 0, l6 - l7: 10, l7 - l8: 0
mergeSize: 0 kb, use time: 1
l1 - l4: 7, l2 - l3: 0, l6 - l7: 10, l7 - l8: 1
mergeSize: 0 kb, use time: 0
l1 - l4: 8, l2 - l3: 0, l6 - l7: 10, l7 - l8: 0
mergeSize: 0 kb, use time: 0
l1 - l4: 7, l2 - l3: 0, l6 - l7: 10, l7 - l8: 0
mergeSize: 0 kb, use time: 0
l1 - l4: 7, l2 - l3: 0, l6 - l7: 10, l7 - l8: 0
mergeSize: 0 kb, use time: 0
l1 - l4: 0, l2 - l3: 0, l6 - l7: 10, l7 - l8: 0
l4 - l5: 0
l4 - l5: 0
l4 - l5: 0
mergeSize: 15 kb, use time: 1
l1 - l4: 8, l2 - l3: 0, l6 - l7: 9, l7 - l8: 2
l4 - l5: 0
mergeSize: 14 kb, use time: 0
l1 - l4: 8, l2 - l3: 0, l6 - l7: 10, l7 - l8: 0
mergeSize: 0 kb, use time: 0
l1 - l4: 8, l2 - l3: 0, l6 - l7: 10, l7 - l8: 0
mergeSize: 0 kb, use time: 1
l1 - l4: 8, l2 - l3: 0, l6 - l7: 9, l7 - l8: 1
mergeSize: 0 kb, use time: 0
l1 - l4: 0, l2 - l3: 0, l6 - l7: 9, l7 - l8: 0
mergeSize: 0 kb, use time: 0
l1 - l4: 8, l2 - l3: 0, l6 - l7: 9, l7 - l8: 0
mergeSize: 0 kb, use time: 0
l1 - l4: 9, l2 - l3: 0, l6 - l7: 9, l7 - l8: 0
mergeSize: 0 kb, use time: 0
l1 - l4: 9, l2 - l3: 0, l6 - l7: 9, l7 - l8: 0
mergeSize: 0 kb, use time: 0
l1 - l4: 9, l2 - l3: 1, l6 - l7: 9, l7 - l8: 0
mergeSize: 0 kb, use time: 0
l1 - l4: 9, l2 - l3: 0, l6 - l7: 9, l7 - l8: 0
l4 - l5: 0
l4 - l5: 0
l4 - l5: 0
l4 - l5: 0
mergeSize: 37 kb, use time: 1
l1 - l4: 9, l2 - l3: 0, l6 - l7: 8, l7 - l8: 1
mergeSize: 0 kb, use time: 0
l1 - l4: 8, l2 - l3: 0, l6 - l7: 9, l7 - l8: 0
mergeSize: 0 kb, use time: 0
l1 - l4: 0, l2 - l3: 0, l6 - l7: 9, l7 - l8: 0
mergeSize: 0 kb, use time: 0
l1 - l4: 9, l2 - l3: 0, l6 - l7: 8, l7 - l8: 0
mergeSize: 0 kb, use time: 0
l1 - l4: 0, l2 - l3: 0, l6 - l7: 8, l7 - l8: 0
mergeSize: 0 kb, use time: 0
l1 - l4: 9, l2 - l3: 0, l6 - l7: 8, l7 - l8: 0
mergeSize: 0 kb, use time: 0
l1 - l4: 9, l2 - l3: 0, l6 - l7: 8, l7 - l8: 0
mergeSize: 0 kb, use time: 0
l1 - l4: 0, l2 - l3: 0, l6 - l7: 7, l7 - l8: 0
mergeSize: 0 kb, use time: 0
l1 - l4: 10, l2 - l3: 0, l6 - l7: 7, l7 - l8: 0
mergeSize: 0 kb, use time: 1
l1 - l4: 10, l2 - l3: 0, l6 - l7: 6, l7 - l8: 1
mergeSize: 0 kb, use time: 0
l1 - l4: 11, l2 - l3: 0, l6 - l7: 7, l7 - l8: 0
mergeSize: 0 kb, use time: 0
l1 - l4: 11, l2 - l3: 0, l6 - l7: 7, l7 - l8: 0
mergeSize: 0 kb, use time: 0
l1 - l4: 0, l2 - l3: 0, l6 - l7: 7, l7 - l8: 0
l4 - l5: 0
l4 - l5: 0
l4 - l5: 0
mergeSize: 10 kb, use time: 0
l1 - l4: 0, l2 - l3: 0, l6 - l7: 0, l7 - l8: 0
l4 - l5: 0
l4 - l5: 0
l4 - l5: 0
l4 - l5: 0
l4 - l5: 0
mergeSize: 38 kb, use time: 1
l1 - l4: 6, l2 - l3: 0, l6 - l7: 0, l7 - l8: 1
l4 - l5: 0
l4 - l5: 0
l4 - l5: 0
l4 - l5: 0
mergeSize: 40 kb, use time: 1
l1 - l4: 6, l2 - l3: 0, l6 - l7: 0, l7 - l8: 1
mergeSize: 0 kb, use time: 0
l1 - l4: 0, l2 - l3: 0, l6 - l7: 7, l7 - l8: 0
mergeSize: 0 kb, use time: 0
l1 - l4: 9, l2 - l3: 0, l6 - l7: 7, l7 - l8: 0
mergeSize: 0 kb, use time: 0
l1 - l4: 9, l2 - l3: 0, l6 - l7: 7, l7 - l8: 0
l4 - l5: 0
mergeSize: 12 kb, use time: 1
l1 - l4: 10, l2 - l3: 0, l6 - l7: 5, l7 - l8: 1
l4 - l5: 0
l4 - l5: 0
l4 - l5: 0
l4 - l5: 0
l4 - l5: 0
l4 - l5: 0
mergeSize: 45 kb, use time: 1
l1 - l4: 5, l2 - l3: 0, l6 - l7: 0, l7 - l8: 1
l4 - l5: 0
l4 - l5: 0
l4 - l5: 0
l4 - l5: 0
mergeSize: 22 kb, use time: 0
l1 - l4: 0, l2 - l3: 0, l6 - l7: 0, l7 - l8: 0
mergeSize: 0 kb, use time: 1
l1 - l4: 9, l2 - l3: 0, l6 - l7: 6, l7 - l8: 1
mergeSize: 0 kb, use time: 0
l1 - l4: 9, l2 - l3: 0, l6 - l7: 7, l7 - l8: 0
mergeSize: 0 kb, use time: 0
l1 - l4: 9, l2 - l3: 0, l6 - l7: 7, l7 - l8: 0
mergeSize: 0 kb, use time: 0
l1 - l4: 0, l2 - l3: 0, l6 - l7: 7, l7 - l8: 0
l4 - l5: 0
l4 - l5: 0
l4 - l5: 0
l4 - l5: 0
mergeSize: 31 kb, use time: 1
l1 - l4: 6, l2 - l3: 0, l6 - l7: 0, l7 - l8: 2
l4 - l5: 0
l4 - l5: 0
l4 - l5: 0
l4 - l5: 0
mergeSize: 30 kb, use time: 0
l1 - l4: 8, l2 - l3: 0, l6 - l7: 0, l7 - l8: 0
l4 - l5: 0
l4 - l5: 0
l4 - l5: 0
l4 - l5: 0
mergeSize: 33 kb, use time: 0
l1 - l4: 9, l2 - l3: 1, l6 - l7: 0, l7 - l8: 0
l4 - l5: 0
l4 - l5: 0
l4 - l5: 0
l4 - l5: 0
mergeSize: 21 kb, use time: 1
l1 - l4: 6, l2 - l3: 0, l6 - l7: 8, l7 - l8: 1
mergeSize: 0 kb, use time: 0
l1 - l4: 6, l2 - l3: 0, l6 - l7: 9, l7 - l8: 0
mergeSize: 0 kb, use time: 0
l1 - l4: 6, l2 - l3: 0, l6 - l7: 9, l7 - l8: 0
mergeSize: 0 kb, use time: 0
l1 - l4: 6, l2 - l3: 0, l6 - l7: 9, l7 - l8: 0
mergeSize: 0 kb, use time: 0
l1 - l4: 6, l2 - l3: 0, l6 - l7: 8, l7 - l8: 0
mergeSize: 0 kb, use time: 0
l1 - l4: 0, l2 - l3: 0, l6 - l7: 8, l7 - l8: 0
mergeSize: 0 kb, use time: 0
l1 - l4: 6, l2 - l3: 0, l6 - l7: 8, l7 - l8: 0
mergeSize: 0 kb, use time: 0
l1 - l4: 6, l2 - l3: 0, l6 - l7: 8, l7 - l8: 0
mergeSize: 0 kb, use time: 1
l1 - l4: 6, l2 - l3: 0, l6 - l7: 8, l7 - l8: 1
l4 - l5: 0
l4 - l5: 0
l4 - l5: 0
l4 - l5: 0
l4 - l5: 0
l4 - l5: 0
mergeSize: 40 kb, use time: 0
l1 - l4: 5, l2 - l3: 0, l6 - l7: 8, l7 - l8: 0
mergeSize: 0 kb, use time: 1
l1 - l4: 6, l2 - l3: 0, l6 - l7: 7, l7 - l8: 1
mergeSize: 0 kb, use time: 0
l1 - l4: 5, l2 - l3: 0, l6 - l7: 8, l7 - l8: 0
mergeSize: 0 kb, use time: 0
l1 - l4: 0, l2 - l3: 0, l6 - l7: 8, l7 - l8: 0
mergeSize: 0 kb, use time: 0
l1 - l4: 5, l2 - l3: 0, l6 - l7: 8, l7 - l8: 0
mergeSize: 0 kb, use time: 0
l1 - l4: 6, l2 - l3: 0, l6 - l7: 8, l7 - l8: 0
mergeSize: 0 kb, use time: 0
l1 - l4: 6, l2 - l3: 0, l6 - l7: 7, l7 - l8: 0
mergeSize: 0 kb, use time: 0
l1 - l4: 6, l2 - l3: 0, l6 - l7: 7, l7 - l8: 0
mergeSize: 0 kb, use time: 0
l1 - l4: 6, l2 - l3: 0, l6 - l7: 7, l7 - l8: 0
l4 - l5: 0
l4 - l5: 0
l4 - l5: 0
l4 - l5: 0
mergeSize: 38 kb, use time: 1
l1 - l4: 6, l2 - l3: 0, l6 - l7: 0, l7 - l8: 1
l4 - l5: 0
l4 - l5: 0
mergeSize: 9 kb, use time: 0
l1 - l4: 6, l2 - l3: 0, l6 - l7: 7, l7 - l8: 0
mergeSize: 0 kb, use time: 0
l1 - l4: 0, l2 - l3: 0, l6 - l7: 8, l7 - l8: 0
mergeSize: 0 kb, use time: 0
l1 - l4: 6, l2 - l3: 0, l6 - l7: 8, l7 - l8: 0
mergeSize: 0 kb, use time: 0
l1 - l4: 8, l2 - l3: 0, l6 - l7: 6, l7 - l8: 0
mergeSize: 0 kb, use time: 0
l1 - l4: 0, l2 - l3: 0, l6 - l7: 6, l7 - l8: 0
mergeSize: 0 kb, use time: 0
l1 - l4: 8, l2 - l3: 0, l6 - l7: 6, l7 - l8: 0
mergeSize: 0 kb, use time: 0
l1 - l4: 0, l2 - l3: 0, l6 - l7: 6, l7 - l8: 0
mergeSize: 0 kb, use time: 0
l1 - l4: 8, l2 - l3: 0, l6 - l7: 5, l7 - l8: 0
mergeSize: 0 kb, use time: 0
l1 - l4: 9, l2 - l3: 0, l6 - l7: 5, l7 - l8: 0
mergeSize: 0 kb, use time: 0
l1 - l4: 8, l2 - l3: 0, l6 - l7: 5, l7 - l8: 0
mergeSize: 0 kb, use time: 0
l1 - l4: 8, l2 - l3: 0, l6 - l7: 5, l7 - l8: 0
mergeSize: 0 kb, use time: 0
l1 - l4: 8, l2 - l3: 0, l6 - l7: 5, l7 - l8: 0
mergeSize: 0 kb, use time: 0
l1 - l4: 0, l2 - l3: 0, l6 - l7: 5, l7 - l8: 1
l4 - l5: 0
l4 - l5: 0
l4 - l5: 0
mergeSize: 27 kb, use time: 0
l1 - l4: 5, l2 - l3: 0, l6 - l7: 0, l7 - l8: 0
l4 - l5: 0
l4 - l5: 0
l4 - l5: 0
l4 - l5: 0
mergeSize: 36 kb, use time: 1
l1 - l4: 5, l2 - l3: 0, l6 - l7: 0, l7 - l8: 1
l4 - l5: 0
l4 - l5: 0
l4 - l5: 0
l4 - l5: 0
mergeSize: 33 kb, use time: 1
l1 - l4: 6, l2 - l3: 0, l6 - l7: 0, l7 - l8: 1
mergeSize: 0 kb, use time: 0
l1 - l4: 0, l2 - l3: 0, l6 - l7: 6, l7 - l8: 0
mergeSize: 0 kb, use time: 0
l1 - l4: 8, l2 - l3: 0, l6 - l7: 6, l7 - l8: 0
mergeSize: 0 kb, use time: 0
l1 - l4: 8, l2 - l3: 0, l6 - l7: 6, l7 - l8: 0
mergeSize: 0 kb, use time: 0
l1 - l4: 9, l2 - l3: 0, l6 - l7: 6, l7 - l8: 0
mergeSize: 0 kb, use time: 0
l1 - l4: 8, l2 - l3: 0, l6 - l7: 6, l7 - l8: 0
mergeSize: 0 kb, use time: 0
l1 - l4: 8, l2 - l3: 0, l6 - l7: 6, l7 - l8: 0
l4 - l5: 0
l4 - l5: 0
l4 - l5: 0
mergeSize: 31 kb, use time: 1
l1 - l4: 6, l2 - l3: 0, l6 - l7: 0, l7 - l8: 1
l4 - l5: 0
l4 - l5: 0
mergeSize: 19 kb, use time: 1
l1 - l4: 0, l2 - l3: 0, l6 - l7: 0, l7 - l8: 1
l4 - l5: 0
l4 - l5: 0
l4 - l5: 0
l4 - l5: 0
l4 - l5: 0
l4 - l5: 0
mergeSize: 42 kb, use time: 0
l1 - l4: 7, l2 - l3: 0, l6 - l7: 0, l7 - l8: 1
mergeSize: 0 kb, use time: 1
l1 - l4: 0, l2 - l3: 0, l6 - l7: 8, l7 - l8: 1
mergeSize: 0 kb, use time: 0
l1 - l4: 7, l2 - l3: 0, l6 - l7: 9, l7 - l8: 0
mergeSize: 0 kb, use time: 0
l1 - l4: 6, l2 - l3: 0, l6 - l7: 9, l7 - l8: 0
mergeSize: 0 kb, use time: 0
l1 - l4: 0, l2 - l3: 0, l6 - l7: 8, l7 - l8: 0
mergeSize: 0 kb, use time: 0
l1 - l4: 7, l2 - l3: 0, l6 - l7: 8, l7 - l8: 0
l4 - l5: 0
l4 - l5: 0
l4 - l5: 0
l4 - l5: 0
l4 - l5: 0
l4 - l5: 0
mergeSize: 27 kb, use time: 1
l1 - l4: 7, l2 - l3: 0, l6 - l7: 0, l7 - l8: 1
l4 - l5: 0
l4 - l5: 0
l4 - l5: 0
mergeSize: 25 kb, use time: 0
l1 - l4: 8, l2 - l3: 0, l6 - l7: 0, l7 - l8: 0
l4 - l5: 0
l4 - l5: 0
l4 - l5: 0
l4 - l5: 1
mergeSize: 49 kb, use time: 0
l1 - l4: 8, l2 - l3: 0, l6 - l7: 1, l7 - l8: 0
l4 - l5: 0
l4 - l5: 0
l4 - l5: 0
mergeSize: 33 kb, use time: 1
l1 - l4: 0, l2 - l3: 0, l6 - l7: 0, l7 - l8: 1
mergeSize: 0 kb, use time: 0
l1 - l4: 0, l2 - l3: 0, l6 - l7: 9, l7 - l8: 0
mergeSize: 0 kb, use time: 0
l1 - l4: 5, l2 - l3: 0, l6 - l7: 9, l7 - l8: 0
mergeSize: 0 kb, use time: 0
l1 - l4: 0, l2 - l3: 0, l6 - l7: 9, l7 - l8: 0
mergeSize: 0 kb, use time: 0
l1 - l4: 5, l2 - l3: 0, l6 - l7: 9, l7 - l8: 0
mergeSize: 0 kb, use time: 0
l1 - l4: 5, l2 - l3: 0, l6 - l7: 9, l7 - l8: 0
mergeSize: 0 kb, use time: 0
l1 - l4: 0, l2 - l3: 0, l6 - l7: 8, l7 - l8: 0
mergeSize: 0 kb, use time: 1
l1 - l4: 6, l2 - l3: 0, l6 - l7: 8, l7 - l8: 1
mergeSize: 0 kb, use time: 0
l1 - l4: 6, l2 - l3: 0, l6 - l7: 9, l7 - l8: 0
l4 - l5: 0
l4 - l5: 0
mergeSize: 17 kb, use time: 0
l1 - l4: 0, l2 - l3: 0, l6 - l7: 0, l7 - l8: 0
l4 - l5: 0
l4 - l5: 0
mergeSize: 2 kb, use time: 1
l1 - l4: 8, l2 - l3: 0, l6 - l7: 0, l7 - l8: 1
l4 - l5: 0
l4 - l5: 0
mergeSize: 18 kb, use time: 1
l1 - l4: 9, l2 - l3: 0, l6 - l7: 0, l7 - l8: 1
l4 - l5: 0
l4 - l5: 0
mergeSize: 19 kb, use time: 0
l1 - l4: 0, l2 - l3: 0, l6 - l7: 0, l7 - l8: 0
l4 - l5: 0
mergeSize: 6 kb, use time: 1
l1 - l4: 0, l2 - l3: 0, l6 - l7: 10, l7 - l8: 1
mergeSize: 0 kb, use time: 0
l1 - l4: 5, l2 - l3: 0, l6 - l7: 11, l7 - l8: 0
mergeSize: 0 kb, use time: 0
l1 - l4: 6, l2 - l3: 0, l6 - l7: 10, l7 - l8: 0
mergeSize: 0 kb, use time: 0
l1 - l4: 0, l2 - l3: 0, l6 - l7: 9, l7 - l8: 0
mergeSize: 0 kb, use time: 0
l1 - l4: 7, l2 - l3: 0, l6 - l7: 9, l7 - l8: 0
mergeSize: 0 kb, use time: 0
l1 - l4: 7, l2 - l3: 0, l6 - l7: 9, l7 - l8: 0
mergeSize: 0 kb, use time: 0
l1 - l4: 7, l2 - l3: 0, l6 - l7: 9, l7 - l8: 0
mergeSize: 0 kb, use time: 0
l1 - l4: 7, l2 - l3: 0, l6 - l7: 9, l7 - l8: 0
l4 - l5: 0
l4 - l5: 0
l4 - l5: 0
mergeSize: 27 kb, use time: 1
l1 - l4: 0, l2 - l3: 0, l6 - l7: 0, l7 - l8: 1
l4 - l5: 0
l4 - l5: 0
mergeSize: 12 kb, use time: 1
l1 - l4: 0, l2 - l3: 0, l6 - l7: 0, l7 - l8: 1
l4 - l5: 0
l4 - l5: 0
l4 - l5: 0
mergeSize: 35 kb, use time: 0
l1 - l4: 7, l2 - l3: 0, l6 - l7: 9, l7 - l8: 0
mergeSize: 0 kb, use time: 0
l1 - l4: 7, l2 - l3: 0, l6 - l7: 9, l7 - l8: 0
mergeSize: 0 kb, use time: 0
l1 - l4: 0, l2 - l3: 0, l6 - l7: 9, l7 - l8: 0
mergeSize: 0 kb, use time: 0
l1 - l4: 7, l2 - l3: 0, l6 - l7: 9, l7 - l8: 0
mergeSize: 0 kb, use time: 0
l1 - l4: 7, l2 - l3: 0, l6 - l7: 10, l7 - l8: 0
mergeSize: 0 kb, use time: 0
l1 - l4: 0, l2 - l3: 0, l6 - l7: 9, l7 - l8: 0
mergeSize: 0 kb, use time: 0
l1 - l4: 8, l2 - l3: 0, l6 - l7: 9, l7 - l8: 0
mergeSize: 0 kb, use time: 0
l1 - l4: 0, l2 - l3: 0, l6 - l7: 8, l7 - l8: 0
mergeSize: 0 kb, use time: 0
l1 - l4: 8, l2 - l3: 0, l6 - l7: 8, l7 - l8: 0
mergeSize: 0 kb, use time: 0
l1 - l4: 8, l2 - l3: 0, l6 - l7: 8, l7 - l8: 0
mergeSize: 0 kb, use time: 0
l1 - l4: 9, l2 - l3: 0, l6 - l7: 8, l7 - l8: 0
mergeSize: 0 kb, use time: 0
l1 - l4: 9, l2 - l3: 0, l6 - l7: 8, l7 - l8: 0
l4 - l5: 0
l4 - l5: 0
mergeSize: 18 kb, use time: 1
l1 - l4: 7, l2 - l3: 0, l6 - l7: 0, l7 - l8: 1
l4 - l5: 0
l4 - l5: 0
l4 - l5: 0
l4 - l5: 0
mergeSize: 32 kb, use time: 1
l1 - l4: 8, l2 - l3: 0, l6 - l7: 0, l7 - l8: 1
l4 - l5: 0
l4 - l5: 0
l4 - l5: 0
mergeSize: 18 kb, use time: 0
l1 - l4: 0, l2 - l3: 0, l6 - l7: 0, l7 - l8: 0
l4 - l5: 0
l4 - l5: 0
l4 - l5: 0
mergeSize: 24 kb, use time: 1
l1 - l4: 8, l2 - l3: 0, l6 - l7: 8, l7 - l8: 1
mergeSize: 0 kb, use time: 0
l1 - l4: 0, l2 - l3: 0, l6 - l7: 9, l7 - l8: 0
l4 - l5: 0
mergeSize: 13 kb, use time: 1
l1 - l4: 9, l2 - l3: 0, l6 - l7: 8, l7 - l8: 1
mergeSize: 0 kb, use time: 0
l1 - l4: 10, l2 - l3: 0, l6 - l7: 8, l7 - l8: 0
l4 - l5: 0
mergeSize: 15 kb, use time: 0
l1 - l4: 10, l2 - l3: 0, l6 - l7: 8, l7 - l8: 0
l4 - l5: 0
l4 - l5: 0
l4 - l5: 0
l4 - l5: 0
l4 - l5: 0
l4 - l5: 0
l4 - l5: 0
l4 - l5: 0
mergeSize: 65 kb, use time: 1
l1 - l4: 8, l2 - l3: 0, l6 - l7: 7, l7 - l8: 1
mergeSize: 0 kb, use time: 0
l1 - l4: 7, l2 - l3: 0, l6 - l7: 8, l7 - l8: 0
mergeSize: 0 kb, use time: 0
l1 - l4: 8, l2 - l3: 0, l6 - l7: 7, l7 - l8: 0
mergeSize: 0 kb, use time: 0
l1 - l4: 9, l2 - l3: 0, l6 - l7: 6, l7 - l8: 0
mergeSize: 0 kb, use time: 1
l1 - l4: 9, l2 - l3: 0, l6 - l7: 6, l7 - l8: 1
mergeSize: 0 kb, use time: 0
l1 - l4: 0, l2 - l3: 0, l6 - l7: 7, l7 - l8: 0
l4 - l5: 0
l4 - l5: 0
l4 - l5: 0
l4 - l5: 0
l4 - l5: 0
l4 - l5: 0
l4 - l5: 0
mergeSize: 55 kb, use time: 0
l1 - l4: 0, l2 - l3: 0, l6 - l7: 0, l7 - l8: 1
l4 - l5: 0
l4 - l5: 0
l4 - l5: 0
l4 - l5: 0
l4 - l5: 0
l4 - l5: 0
mergeSize: 53 kb, use time: 0
l1 - l4: 7, l2 - l3: 0, l6 - l7: 0, l7 - l8: 0
mergeSize: 0 kb, use time: 0
l1 - l4: 0, l2 - l3: 0, l6 - l7: 7, l7 - l8: 1
mergeSize: 0 kb, use time: 0
l1 - l4: 0, l2 - l3: 0, l6 - l7: 7, l7 - l8: 0
mergeSize: 0 kb, use time: 0
l1 - l4: 8, l2 - l3: 0, l6 - l7: 7, l7 - l8: 0
mergeSize: 0 kb, use time: 0
l1 - l4: 8, l2 - l3: 0, l6 - l7: 7, l7 - l8: 0
mergeSize: 0 kb, use time: 0
l1 - l4: 9, l2 - l3: 0, l6 - l7: 6, l7 - l8: 0
mergeSize: 0 kb, use time: 0
l1 - l4: 9, l2 - l3: 0, l6 - l7: 6, l7 - l8: 0
mergeSize: 0 kb, use time: 0
l1 - l4: 0, l2 - l3: 0, l6 - l7: 6, l7 - l8: 0
mergeSize: 0 kb, use time: 0
l1 - l4: 8, l2 - l3: 0, l6 - l7: 6, l7 - l8: 0
mergeSize: 0 kb, use time: 0
l1 - l4: 9, l2 - l3: 0, l6 - l7: 6, l7 - l8: 0
l4 - l5: 0
l4 - l5: 0
l4 - l5: 0
mergeSize: 10 kb, use time: 1
l1 - l4: 0, l2 - l3: 0, l6 - l7: 0, l7 - l8: 1
mergeSize: 0 kb, use time: 0
l1 - l4: 8, l2 - l3: 0, l6 - l7: 6, l7 - l8: 0
l4 - l5: 0
l4 - l5: 0
mergeSize: 29 kb, use time: 1
l1 - l4: 5, l2 - l3: 0, l6 - l7: 0, l7 - l8: 1
l4 - l5: 0
mergeSize: 15 kb, use time: 0
l1 - l4: 8, l2 - l3: 0, l6 - l7: 6, l7 - l8: 0
mergeSize: 0 kb, use time: 0
l1 - l4: 7, l2 - l3: 0, l6 - l7: 6, l7 - l8: 0
mergeSize: 0 kb, use time: 0
l1 - l4: 7, l2 - l3: 0, l6 - l7: 6, l7 - l8: 0
mergeSize: 0 kb, use time: 0
l1 - l4: 0, l2 - l3: 0, l6 - l7: 6, l7 - l8: 0
mergeSize: 0 kb, use time: 0
l1 - l4: 7, l2 - l3: 0, l6 - l7: 6, l7 - l8: 0
mergeSize: 0 kb, use time: 1
l1 - l4: 7, l2 - l3: 0, l6 - l7: 6, l7 - l8: 1
mergeSize: 0 kb, use time: 0
l1 - l4: 7, l2 - l3: 0, l6 - l7: 7, l7 - l8: 0
mergeSize: 0 kb, use time: 0
l1 - l4: 7, l2 - l3: 0, l6 - l7: 7, l7 - l8: 0
mergeSize: 0 kb, use time: 0
l1 - l4: 7, l2 - l3: 0, l6 - l7: 7, l7 - l8: 0
l4 - l5: 0
l4 - l5: 0
mergeSize: 18 kb, use time: 0
l1 - l4: 0, l2 - l3: 0, l6 - l7: 0, l7 - l8: 0
l4 - l5: 0
l4 - l5: 0
l4 - l5: 0
l4 - l5: 0
l4 - l5: 0
mergeSize: 35 kb, use time: 0
l1 - l4: 7, l2 - l3: 0, l6 - l7: 6, l7 - l8: 1
mergeSize: 0 kb, use time: 0
l1 - l4: 7, l2 - l3: 0, l6 - l7: 7, l7 - l8: 0
mergeSize: 0 kb, use time: 0
l1 - l4: 6, l2 - l3: 0, l6 - l7: 7, l7 - l8: 0
mergeSize: 0 kb, use time: 1
l1 - l4: 6, l2 - l3: 0, l6 - l7: 7, l7 - l8: 1
mergeSize: 0 kb, use time: 0
l1 - l4: 7, l2 - l3: 0, l6 - l7: 8, l7 - l8: 0
mergeSize: 0 kb, use time: 0
l1 - l4: 6, l2 - l3: 0, l6 - l7: 8, l7 - l8: 0
mergeSize: 0 kb, use time: 0
l1 - l4: 0, l2 - l3: 0, l6 - l7: 7, l7 - l8: 0
mergeSize: 0 kb, use time: 0
l1 - l4: 7, l2 - l3: 0, l6 - l7: 7, l7 - l8: 0
mergeSize: 0 kb, use time: 0
l1 - l4: 7, l2 - l3: 0, l6 - l7: 7, l7 - l8: 0
mergeSize: 0 kb, use time: 0
l1 - l4: 7, l2 - l3: 0, l6 - l7: 7, l7 - l8: 0
mergeSize: 0 kb, use time: 0
l1 - l4: 7, l2 - l3: 0, l6 - l7: 7, l7 - l8: 0
l4 - l5: 0
l4 - l5: 0
l4 - l5: 0
l4 - l5: 0
mergeSize: 26 kb, use time: 1
l1 - l4: 7, l2 - l3: 0, l6 - l7: 0, l7 - l8: 1
l4 - l5: 0
l4 - l5: 0
l4 - l5: 0
l4 - l5: 0
l4 - l5: 0
mergeSize: 44 kb, use time: 1
l1 - l4: 7, l2 - l3: 0, l6 - l7: 0, l7 - l8: 1
l4 - l5: 0
l4 - l5: 0
l4 - l5: 0
mergeSize: 11 kb, use time: 0
l1 - l4: 0, l2 - l3: 0, l6 - l7: 0, l7 - l8: 0
mergeSize: 0 kb, use time: 0
l1 - l4: 5, l2 - l3: 0, l6 - l7: 8, l7 - l8: 0
mergeSize: 0 kb, use time: 0
l1 - l4: 5, l2 - l3: 0, l6 - l7: 8, l7 - l8: 0
l4 - l5: 0
mergeSize: 15 kb, use time: 1
l1 - l4: 0, l2 - l3: 0, l6 - l7: 7, l7 - l8: 1
l4 - l5: 0
mergeSize: 3 kb, use time: 0
l1 - l4: 6, l2 - l3: 0, l6 - l7: 7, l7 - l8: 1
l4 - l5: 0
l4 - l5: 0
mergeSize: 12 kb, use time: 0
l1 - l4: 0, l2 - l3: 0, l6 - l7: 0, l7 - l8: 0
l4 - l5: 0
l4 - l5: 0
mergeSize: 12 kb, use time: 1
l1 - l4: 0, l2 - l3: 0, l6 - l7: 0, l7 - l8: 1
l4 - l5: 0
l4 - l5: 0
l4 - l5: 0
l4 - l5: 0
l4 - l5: 0
l4 - l5: 0
l4 - l5: 0
mergeSize: 57 kb, use time: 1
l1 - l4: 6, l2 - l3: 0, l6 - l7: 8, l7 - l8: 2
mergeSize: 0 kb, use time: 0
l1 - l4: 6, l2 - l3: 0, l6 - l7: 10, l7 - l8: 0
mergeSize: 0 kb, use time: 0
l1 - l4: 6, l2 - l3: 0, l6 - l7: 10, l7 - l8: 0
mergeSize: 0 kb, use time: 0
l1 - l4: 6, l2 - l3: 0, l6 - l7: 9, l7 - l8: 0
mergeSize: 0 kb, use time: 0
l1 - l4: 6, l2 - l3: 0, l6 - l7: 9, l7 - l8: 0
mergeSize: 0 kb, use time: 0
l1 - l4: 1, l2 - l3: 0, l6 - l7: 9, l7 - l8: 0
l4 - l5: 0
l4 - l5: 0
mergeSize: 13 kb, use time: 1
l1 - l4: 8, l2 - l3: 0, l6 - l7: 0, l7 - l8: 1
l4 - l5: 0
l4 - l5: 0
l4 - l5: 0
l4 - l5: 0
l4 - l5: 0
mergeSize: 43 kb, use time: 1
l1 - l4: 8, l2 - l3: 0, l6 - l7: 0, l7 - l8: 1
l4 - l5: 0
l4 - l5: 0
l4 - l5: 0
l4 - l5: 0
l4 - l5: 0
mergeSize: 24 kb, use time: 1
l1 - l4: 0, l2 - l3: 0, l6 - l7: 0, l7 - l8: 1
mergeSize: 0 kb, use time: 0
l1 - l4: 6, l2 - l3: 0, l6 - l7: 10, l7 - l8: 0
mergeSize: 0 kb, use time: 0
l1 - l4: 6, l2 - l3: 0, l6 - l7: 10, l7 - l8: 0
mergeSize: 0 kb, use time: 0
l1 - l4: 0, l2 - l3: 0, l6 - l7: 10, l7 - l8: 0
mergeSize: 0 kb, use time: 0
l1 - l4: 7, l2 - l3: 0, l6 - l7: 9, l7 - l8: 0
mergeSize: 0 kb, use time: 0
l1 - l4: 7, l2 - l3: 0, l6 - l7: 9, l7 - l8: 0
mergeSize: 0 kb, use time: 0
l1 - l4: 0, l2 - l3: 0, l6 - l7: 9, l7 - l8: 0
mergeSize: 0 kb, use time: 0
l1 - l4: 7, l2 - l3: 0, l6 - l7: 9, l7 - l8: 0
mergeSize: 0 kb, use time: 0
l1 - l4: 8, l2 - l3: 0, l6 - l7: 9, l7 - l8: 0
mergeSize: 0 kb, use time: 0
l1 - l4: 8, l2 - l3: 0, l6 - l7: 9, l7 - l8: 0
l4 - l5: 0
l4 - l5: 0
l4 - l5: 0
mergeSize: 20 kb, use time: 0
l1 - l4: 9, l2 - l3: 0, l6 - l7: 0, l7 - l8: 0
l4 - l5: 0
mergeSize: 13 kb, use time: 1
l1 - l4: 7, l2 - l3: 0, l6 - l7: 9, l7 - l8: 1
l4 - l5: 0
mergeSize: 5 kb, use time: 1
l1 - l4: 7, l2 - l3: 0, l6 - l7: 9, l7 - l8: 1
mergeSize: 0 kb, use time: 0
l1 - l4: 8, l2 - l3: 0, l6 - l7: 9, l7 - l8: 0
mergeSize: 0 kb, use time: 0
l1 - l4: 8, l2 - l3: 0, l6 - l7: 9, l7 - l8: 0
mergeSize: 0 kb, use time: 0
l1 - l4: 9, l2 - l3: 0, l6 - l7: 8, l7 - l8: 0
mergeSize: 0 kb, use time: 0
l1 - l4: 0, l2 - l3: 0, l6 - l7: 8, l7 - l8: 0
mergeSize: 0 kb, use time: 0
l1 - l4: 8, l2 - l3: 0, l6 - l7: 8, l7 - l8: 0
mergeSize: 0 kb, use time: 0
l1 - l4: 9, l2 - l3: 0, l6 - l7: 8, l7 - l8: 0
mergeSize: 0 kb, use time: 0
l1 - l4: 8, l2 - l3: 0, l6 - l7: 8, l7 - l8: 0
mergeSize: 0 kb, use time: 0
l1 - l4: 8, l2 - l3: 0, l6 - l7: 8, l7 - l8: 0
mergeSize: 0 kb, use time: 0
l1 - l4: 9, l2 - l3: 0, l6 - l7: 8, l7 - l8: 0
l4 - l5: 0
l4 - l5: 0
mergeSize: 19 kb, use time: 1
l1 - l4: 0, l2 - l3: 0, l6 - l7: 0, l7 - l8: 1
l4 - l5: 0
l4 - l5: 0
l4 - l5: 0
l4 - l5: 0
l4 - l5: 0
mergeSize: 38 kb, use time: 1
l1 - l4: 7, l2 - l3: 0, l6 - l7: 0, l7 - l8: 1
mergeSize: 0 kb, use time: 0
l1 - l4: 8, l2 - l3: 0, l6 - l7: 8, l7 - l8: 0
l4 - l5: 0
mergeSize: 4 kb, use time: 0
l1 - l4: 0, l2 - l3: 0, l6 - l7: 7, l7 - l8: 0
mergeSize: 0 kb, use time: 0
l1 - l4: 8, l2 - l3: 0, l6 - l7: 7, l7 - l8: 0
mergeSize: 0 kb, use time: 0
l1 - l4: 9, l2 - l3: 0, l6 - l7: 7, l7 - l8: 0
mergeSize: 0 kb, use time: 0
l1 - l4: 8, l2 - l3: 0, l6 - l7: 8, l7 - l8: 0
mergeSize: 0 kb, use time: 0
l1 - l4: 9, l2 - l3: 0, l6 - l7: 7, l7 - l8: 0
mergeSize: 0 kb, use time: 0
l1 - l4: 9, l2 - l3: 0, l6 - l7: 7, l7 - l8: 0
mergeSize: 0 kb, use time: 0
l1 - l4: 9, l2 - l3: 0, l6 - l7: 7, l7 - l8: 0
mergeSize: 0 kb, use time: 0
l1 - l4: 9, l2 - l3: 0, l6 - l7: 7, l7 - l8: 0
l4 - l5: 0
l4 - l5: 0
l4 - l5: 0
l4 - l5: 0
l4 - l5: 0
l4 - l5: 0
l4 - l5: 0
l4 - l5: 0
mergeSize: 88 kb, use time: 1
l1 - l4: 0, l2 - l3: 0, l6 - l7: 0, l7 - l8: 2
l4 - l5: 0
l4 - l5: 0
l4 - l5: 0
mergeSize: 27 kb, use time: 1
l1 - l4: 0, l2 - l3: 0, l6 - l7: 7, l7 - l8: 1
mergeSize: 0 kb, use time: 0
l1 - l4: 9, l2 - l3: 0, l6 - l7: 8, l7 - l8: 0
l4 - l5: 0
mergeSize: 5 kb, use time: 0
l1 - l4: 9, l2 - l3: 0, l6 - l7: 8, l7 - l8: 0
l4 - l5: 0
mergeSize: 10 kb, use time: 1
l1 - l4: 9, l2 - l3: 0, l6 - l7: 7, l7 - l8: 1
l4 - l5: 0
l4 - l5: 0
mergeSize: 22 kb, use time: 1
l1 - l4: 0, l2 - l3: 0, l6 - l7: 0, l7 - l8: 1
l4 - l5: 0
l4 - l5: 0
l4 - l5: 0
l4 - l5: 0
mergeSize: 30 kb, use time: 0
l1 - l4: 8, l2 - l3: 0, l6 - l7: 0, l7 - l8: 0
l4 - l5: 0
l4 - l5: 0
l4 - l5: 0
l4 - l5: 0
mergeSize: 9 kb, use time: 1
l1 - l4: 8, l2 - l3: 0, l6 - l7: 0, l7 - l8: 1
l4 - l5: 0
l4 - l5: 0
l4 - l5: 0
mergeSize: 13 kb, use time: 1
l1 - l4: 0, l2 - l3: 0, l6 - l7: 0, l7 - l8: 1
mergeSize: 0 kb, use time: 0
l1 - l4: 6, l2 - l3: 0, l6 - l7: 10, l7 - l8: 0
mergeSize: 0 kb, use time: 0
l1 - l4: 0, l2 - l3: 0, l6 - l7: 9, l7 - l8: 0
mergeSize: 0 kb, use time: 0
l1 - l4: 7, l2 - l3: 0, l6 - l7: 9, l7 - l8: 0
mergeSize: 0 kb, use time: 0
l1 - l4: 7, l2 - l3: 0, l6 - l7: 9, l7 - l8: 0
mergeSize: 0 kb, use time: 0
l1 - l4: 7, l2 - l3: 0, l6 - l7: 9, l7 - l8: 0
l4 - l5: 0
l4 - l5: 0
mergeSize: 21 kb, use time: 1
l1 - l4: 0, l2 - l3: 0, l6 - l7: 0, l7 - l8: 1
l4 - l5: 0
mergeSize: 9 kb, use time: 0
l1 - l4: 8, l2 - l3: 0, l6 - l7: 9, l7 - l8: 0
l4 - l5: 0
l4 - l5: 0
mergeSize: 2 kb, use time: 1
l1 - l4: 0, l2 - l3: 0, l6 - l7: 0, l7 - l8: 1
l4 - l5: 0
l4 - l5: 0
l4 - l5: 0
l4 - l5: 0
l4 - l5: 0
l4 - l5: 0
mergeSize: 57 kb, use time: 0
l1 - l4: 10, l2 - l3: 0, l6 - l7: 0, l7 - l8: 1
l4 - l5: 0
l4 - l5: 0
mergeSize: 6 kb, use time: 0
l1 - l4: 0, l2 - l3: 0, l6 - l7: 0, l7 - l8: 0
mergeSize: 0 kb, use time: 0
l1 - l4: 6, l2 - l3: 0, l6 - l7: 10, l7 - l8: 0
mergeSize: 0 kb, use time: 0
l1 - l4: 6, l2 - l3: 0, l6 - l7: 10, l7 - l8: 0
mergeSize: 0 kb, use time: 0
l1 - l4: 6, l2 - l3: 0, l6 - l7: 10, l7 - l8: 0
mergeSize: 0 kb, use time: 0
l1 - l4: 6, l2 - l3: 0, l6 - l7: 10, l7 - l8: 0
mergeSize: 0 kb, use time: 0
l1 - l4: 6, l2 - l3: 0, l6 - l7: 10, l7 - l8: 1
mergeSize: 0 kb, use time: 0
l1 - l4: 6, l2 - l3: 0, l6 - l7: 11, l7 - l8: 0
mergeSize: 0 kb, use time: 0
l1 - l4: 6, l2 - l3: 0, l6 - l7: 11, l7 - l8: 0
mergeSize: 0 kb, use time: 0
l1 - l4: 7, l2 - l3: 0, l6 - l7: 9, l7 - l8: 0
mergeSize: 0 kb, use time: 0
l1 - l4: 7, l2 - l3: 0, l6 - l7: 9, l7 - l8: 0
mergeSize: 0 kb, use time: 0
l1 - l4: 0, l2 - l3: 0, l6 - l7: 9, l7 - l8: 0
l4 - l5: 0
l4 - l5: 0
l4 - l5: 0
mergeSize: 28 kb, use time: 1
l1 - l4: 8, l2 - l3: 0, l6 - l7: 8, l7 - l8: 1
l4 - l5: 0
mergeSize: 12 kb, use time: 0
l1 - l4: 7, l2 - l3: 0, l6 - l7: 9, l7 - l8: 0
mergeSize: 0 kb, use time: 0
l1 - l4: 7, l2 - l3: 0, l6 - l7: 8, l7 - l8: 0
mergeSize: 0 kb, use time: 0
l1 - l4: 0, l2 - l3: 0, l6 - l7: 7, l7 - l8: 0
mergeSize: 0 kb, use time: 1
l1 - l4: 8, l2 - l3: 0, l6 - l7: 7, l7 - l8: 1
mergeSize: 0 kb, use time: 0
l1 - l4: 8, l2 - l3: 0, l6 - l7: 8, l7 - l8: 0
mergeSize: 0 kb, use time: 0
l1 - l4: 8, l2 - l3: 0, l6 - l7: 8, l7 - l8: 0
mergeSize: 0 kb, use time: 0
l1 - l4: 0, l2 - l3: 0, l6 - l7: 8, l7 - l8: 0
mergeSize: 0 kb, use time: 0
l1 - l4: 8, l2 - l3: 0, l6 - l7: 8, l7 - l8: 0
mergeSize: 0 kb, use time: 0
l1 - l4: 9, l2 - l3: 0, l6 - l7: 7, l7 - l8: 0
mergeSize: 0 kb, use time: 0
l1 - l4: 9, l2 - l3: 0, l6 - l7: 7, l7 - l8: 0
l4 - l5: 0
l4 - l5: 0
mergeSize: 14 kb, use time: 1
l1 - l4: 6, l2 - l3: 0, l6 - l7: 0, l7 - l8: 1
l4 - l5: 0
l4 - l5: 0
mergeSize: 27 kb, use time: 0
l1 - l4: 7, l2 - l3: 0, l6 - l7: 0, l7 - l8: 0
l4 - l5: 0
l4 - l5: 0
l4 - l5: 0
l4 - l5: 0
mergeSize: 33 kb, use time: 1
l1 - l4: 8, l2 - l3: 0, l6 - l7: 7, l7 - l8: 1
l4 - l5: 0
mergeSize: 4 kb, use time: 1
l1 - l4: 9, l2 - l3: 0, l6 - l7: 7, l7 - l8: 1
mergeSize: 0 kb, use time: 0
l1 - l4: 9, l2 - l3: 0, l6 - l7: 8, l7 - l8: 0
mergeSize: 0 kb, use time: 0
l1 - l4: 0, l2 - l3: 0, l6 - l7: 7, l7 - l8: 0
mergeSize: 0 kb, use time: 0
l1 - l4: 9, l2 - l3: 0, l6 - l7: 7, l7 - l8: 0
mergeSize: 0 kb, use time: 0
l1 - l4: 9, l2 - l3: 0, l6 - l7: 7, l7 - l8: 0
mergeSize: 0 kb, use time: 0
l1 - l4: 9, l2 - l3: 0, l6 - l7: 7, l7 - l8: 0
mergeSize: 0 kb, use time: 0
l1 - l4: 9, l2 - l3: 0, l6 - l7: 7, l7 - l8: 0
mergeSize: 0 kb, use time: 0
l1 - l4: 10, l2 - l3: 0, l6 - l7: 6, l7 - l8: 0
l4 - l5: 0
l4 - l5: 0
l4 - l5: 0
mergeSize: 25 kb, use time: 1
l1 - l4: 6, l2 - l3: 0, l6 - l7: 0, l7 - l8: 1
l4 - l5: 0
l4 - l5: 0
l4 - l5: 0
l4 - l5: 0
l4 - l5: 0
l4 - l5: 0
l4 - l5: 0
mergeSize: 60 kb, use time: 1
l1 - l4: 7, l2 - l3: 0, l6 - l7: 0, l7 - l8: 1
l4 - l5: 0
l4 - l5: 0
l4 - l5: 0
mergeSize: 43 kb, use time: 1
l1 - l4: 0, l2 - l3: 0, l6 - l7: 0, l7 - l8: 1
mergeSize: 0 kb, use time: 0
l1 - l4: 0, l2 - l3: 0, l6 - l7: 8, l7 - l8: 0
mergeSize: 0 kb, use time: 0
l1 - l4: 8, l2 - l3: 0, l6 - l7: 8, l7 - l8: 0
mergeSize: 0 kb, use time: 0
l1 - l4: 8, l2 - l3: 0, l6 - l7: 8, l7 - l8: 0
l4 - l5: 0
mergeSize: 12 kb, use time: 1
l1 - l4: 9, l2 - l3: 0, l6 - l7: 7, l7 - l8: 1
l4 - l5: 0
l4 - l5: 0
l4 - l5: 0
mergeSize: 27 kb, use time: 0
l1 - l4: 8, l2 - l3: 0, l6 - l7: 0, l7 - l8: 0
l4 - l5: 0
l4 - l5: 0
l4 - l5: 0
mergeSize: 43 kb, use time: 1
l1 - l4: 0, l2 - l3: 0, l6 - l7: 0, l7 - l8: 1
l4 - l5: 0
l4 - l5: 0
l4 - l5: 0
mergeSize: 23 kb, use time: 1
l1 - l4: 8, l2 - l3: 0, l6 - l7: 0, l7 - l8: 1
l4 - l5: 0
l4 - l5: 0
mergeSize: 8 kb, use time: 0
l1 - l4: 0, l2 - l3: 0, l6 - l7: 0, l7 - l8: 0
l4 - l5: 0
l4 - l5: 0
l4 - l5: 0
mergeSize: 23 kb, use time: 1
l1 - l4: 0, l2 - l3: 0, l6 - l7: 0, l7 - l8: 1
mergeSize: 0 kb, use time: 0
l1 - l4: 0, l2 - l3: 0, l6 - l7: 10, l7 - l8: 0
mergeSize: 0 kb, use time: 0
l1 - l4: 0, l2 - l3: 0, l6 - l7: 9, l7 - l8: 0
mergeSize: 0 kb, use time: 0
l1 - l4: 0, l2 - l3: 0, l6 - l7: 9, l7 - l8: 0
mergeSize: 0 kb, use time: 0
l1 - l4: 7, l2 - l3: 0, l6 - l7: 9, l7 - l8: 0
mergeSize: 0 kb, use time: 0
l1 - l4: 7, l2 - l3: 0, l6 - l7: 9, l7 - l8: 0
mergeSize: 0 kb, use time: 1
l1 - l4: 7, l2 - l3: 0, l6 - l7: 9, l7 - l8: 1
l4 - l5: 0
mergeSize: 1 kb, use time: 0
l1 - l4: 7, l2 - l3: 0, l6 - l7: 9, l7 - l8: 0
l4 - l5: 0
l4 - l5: 0
l4 - l5: 0
mergeSize: 47 kb, use time: 1
l1 - l4: 0, l2 - l3: 0, l6 - l7: 0, l7 - l8: 1
l4 - l5: 0
l4 - l5: 0
l4 - l5: 0
l4 - l5: 0
l4 - l5: 0
l4 - l5: 0
mergeSize: 54 kb, use time: 1
l1 - l4: 0, l2 - l3: 0, l6 - l7: 0, l7 - l8: 2
mergeSize: 0 kb, use time: 0
l1 - l4: 6, l2 - l3: 0, l6 - l7: 11, l7 - l8: 0
mergeSize: 0 kb, use time: 0
l1 - l4: 0, l2 - l3: 0, l6 - l7: 11, l7 - l8: 0
mergeSize: 0 kb, use time: 0
l1 - l4: 7, l2 - l3: 0, l6 - l7: 10, l7 - l8: 0
mergeSize: 0 kb, use time: 0
l1 - l4: 0, l2 - l3: 0, l6 - l7: 10, l7 - l8: 0
mergeSize: 0 kb, use time: 0
l1 - l4: 7, l2 - l3: 0, l6 - l7: 10, l7 - l8: 0
mergeSize: 0 kb, use time: 0
l1 - l4: 6, l2 - l3: 0, l6 - l7: 10, l7 - l8: 0
mergeSize: 0 kb, use time: 1
l1 - l4: 6, l2 - l3: 0, l6 - l7: 10, l7 - l8: 1
mergeSize: 0 kb, use time: 0
l1 - l4: 6, l2 - l3: 0, l6 - l7: 11, l7 - l8: 0
mergeSize: 0 kb, use time: 0
l1 - l4: 7, l2 - l3: 0, l6 - l7: 10, l7 - l8: 0
mergeSize: 0 kb, use time: 0
l1 - l4: 7, l2 - l3: 0, l6 - l7: 10, l7 - l8: 0
l4 - l5: 0
l4 - l5: 0
mergeSize: 28 kb, use time: 0
l1 - l4: 0, l2 - l3: 0, l6 - l7: 0, l7 - l8: 0
l4 - l5: 0
l4 - l5: 0
l4 - l5: 0
mergeSize: 16 kb, use time: 0
l1 - l4: 10, l2 - l3: 0, l6 - l7: 0, l7 - l8: 0
l4 - l5: 0
mergeSize: 12 kb, use time: 1
l1 - l4: 7, l2 - l3: 0, l6 - l7: 10, l7 - l8: 1
mergeSize: 0 kb, use time: 0
l1 - l4: 0, l2 - l3: 0, l6 - l7: 10, l7 - l8: 0
mergeSize: 0 kb, use time: 0
l1 - l4: 8, l2 - l3: 0, l6 - l7: 10, l7 - l8: 0
mergeSize: 0 kb, use time: 0
l1 - l4: 7, l2 - l3: 0, l6 - l7: 10, l7 - l8: 0
mergeSize: 0 kb, use time: 0
l1 - l4: 8, l2 - l3: 0, l6 - l7: 10, l7 - l8: 0
mergeSize: 0 kb, use time: 0
l1 - l4: 8, l2 - l3: 0, l6 - l7: 9, l7 - l8: 0
mergeSize: 0 kb, use time: 0
l1 - l4: 0, l2 - l3: 0, l6 - l7: 9, l7 - l8: 0
mergeSize: 0 kb, use time: 0
l1 - l4: 9, l2 - l3: 0, l6 - l7: 8, l7 - l8: 0
mergeSize: 0 kb, use time: 0
l1 - l4: 9, l2 - l3: 0, l6 - l7: 8, l7 - l8: 0
mergeSize: 0 kb, use time: 0
l1 - l4: 9, l2 - l3: 0, l6 - l7: 9, l7 - l8: 0
l4 - l5: 0
l4 - l5: 0
l4 - l5: 0
mergeSize: 32 kb, use time: 0
l1 - l4: 8, l2 - l3: 0, l6 - l7: 0, l7 - l8: 0
l4 - l5: 0
l4 - l5: 0
l4 - l5: 0
mergeSize: 29 kb, use time: 1
l1 - l4: 0, l2 - l3: 0, l6 - l7: 0, l7 - l8: 1
l4 - l5: 0
l4 - l5: 0
l4 - l5: 0
mergeSize: 30 kb, use time: 1
l1 - l4: 9, l2 - l3: 0, l6 - l7: 8, l7 - l8: 2
mergeSize: 0 kb, use time: 0
l1 - l4: 8, l2 - l3: 0, l6 - l7: 10, l7 - l8: 0
mergeSize: 0 kb, use time: 0
l1 - l4: 8, l2 - l3: 0, l6 - l7: 10, l7 - l8: 0
mergeSize: 0 kb, use time: 0
l1 - l4: 9, l2 - l3: 0, l6 - l7: 9, l7 - l8: 0
mergeSize: 0 kb, use time: 0
l1 - l4: 9, l2 - l3: 0, l6 - l7: 9, l7 - l8: 0
mergeSize: 0 kb, use time: 0
l1 - l4: 9, l2 - l3: 0, l6 - l7: 9, l7 - l8: 0
mergeSize: 0 kb, use time: 0
l1 - l4: 9, l2 - l3: 0, l6 - l7: 9, l7 - l8: 0
mergeSize: 0 kb, use time: 0
l1 - l4: 9, l2 - l3: 0, l6 - l7: 9, l7 - l8: 0
l4 - l5: 0
l4 - l5: 0
l4 - l5: 0
mergeSize: 18 kb, use time: 0
l1 - l4: 8, l2 - l3: 0, l6 - l7: 0, l7 - l8: 0
l4 - l5: 0
l4 - l5: 0
l4 - l5: 0
mergeSize: 18 kb, use time: 1
l1 - l4: 0, l2 - l3: 0, l6 - l7: 0, l7 - l8: 1
l4 - l5: 0
l4 - l5: 0
l4 - l5: 0
l4 - l5: 0
l4 - l5: 0
l4 - l5: 0
l4 - l5: 0
mergeSize: 67 kb, use time: 1
l1 - l4: 9, l2 - l3: 0, l6 - l7: 0, l7 - l8: 1
mergeSize: 0 kb, use time: 0
l1 - l4: 9, l2 - l3: 0, l6 - l7: 9, l7 - l8: 0
mergeSize: 0 kb, use time: 0
l1 - l4: 0, l2 - l3: 0, l6 - l7: 8, l7 - l8: 0
mergeSize: 0 kb, use time: 0
l1 - l4: 10, l2 - l3: 0, l6 - l7: 8, l7 - l8: 0
l4 - l5: 0
mergeSize: 5 kb, use time: 1
l1 - l4: 10, l2 - l3: 0, l6 - l7: 8, l7 - l8: 1
l4 - l5: 0
l4 - l5: 0
l4 - l5: 0
l4 - l5: 0
mergeSize: 42 kb, use time: 0
l1 - l4: 8, l2 - l3: 0, l6 - l7: 0, l7 - l8: 0
l4 - l5: 0
l4 - l5: 0
l4 - l5: 0
l4 - l5: 0
mergeSize: 30 kb, use time: 0
l1 - l4: 8, l2 - l3: 0, l6 - l7: 1, l7 - l8: 0
l4 - l5: 0
l4 - l5: 0
l4 - l5: 0
mergeSize: 27 kb, use time: 1
l1 - l4: 0, l2 - l3: 0, l6 - l7: 0, l7 - l8: 1
l4 - l5: 0
mergeSize: 5 kb, use time: 0
l1 - l4: 8, l2 - l3: 0, l6 - l7: 9, l7 - l8: 0
mergeSize: 0 kb, use time: 0
l1 - l4: 8, l2 - l3: 0, l6 - l7: 9, l7 - l8: 1
l4 - l5: 0
mergeSize: 4 kb, use time: 0
l1 - l4: 8, l2 - l3: 0, l6 - l7: 10, l7 - l8: 0
mergeSize: 0 kb, use time: 0
l1 - l4: 8, l2 - l3: 0, l6 - l7: 10, l7 - l8: 0
mergeSize: 0 kb, use time: 0
l1 - l4: 0, l2 - l3: 0, l6 - l7: 9, l7 - l8: 0
mergeSize: 0 kb, use time: 0
l1 - l4: 9, l2 - l3: 0, l6 - l7: 9, l7 - l8: 0
mergeSize: 0 kb, use time: 0
l1 - l4: 8, l2 - l3: 0, l6 - l7: 9, l7 - l8: 0
l4 - l5: 0
l4 - l5: 0
l4 - l5: 0
l4 - l5: 0
l4 - l5: 0
l4 - l5: 0
l4 - l5: 0
l4 - l5: 0
kill myself(written: 7)
fail
fail
