#
# A fatal error has been detected by the Java Runtime Environment:
#
#  EXCEPTION_ACCESS_VIOLATION (0xc0000005) at pc=0x00000000695cc0a8, pid=2648, tid=0x000000000000032c
#
# JRE version: Java(TM) SE Runtime Environment (8.0_301-b09) (build 1.8.0_301-b09)
# Java VM: Java HotSpot(TM) 64-Bit Server VM (25.301-b09 mixed mode windows-amd64 compressed oops)
# Problematic frame:
# V  [jvm.dll+0x1dc0a8]
#
# Failed to write core dump. Minidumps are not enabled by default on client versions of Windows
#
# If you would like to submit a bug report, please visit:
#   http://bugreport.java.com/bugreport/crash.jsp
#

---------------  T H R E A D  ---------------

Current thread (0x00000289187d4000):  JavaThread "main" [_thread_in_vm, id=812, stack(0x000000b321500000,0x000000b321600000)]

siginfo: ExceptionCode=0xc0000005, writing address 0x0000000000000000

Registers:
RAX=0x00000289187d4000, RBX=0x00000289187d4000, RCX=0x0000000000000006, RDX=0x000000b3215ff010
RSP=0x000000b3215fef20, RBP=0x0000000000000000, RSI=0x00000289187d4000, RDI=0x0000000000000000
R8 =0x0000000000000000, R9 =0x0000000000000000, R10=0x000002891a089f82, R11=0x000000006961a0a0
R12=0x0000000000000000, R13=0x000002893042e728, R14=0x0000000000000000, R15=0x00000289187d4000
RIP=0x00000000695cc0a8, EFLAGS=0x0000000000010246

Top of Stack: (sp=0x000000b3215fef20)
0x000000b3215fef20:   00000289187d4000 000002893042e728
0x000000b3215fef30:   0000000000000000 000002893042e728
0x000000b3215fef40:   000000b3215ff010 000002891a089fae
0x000000b3215fef50:   000002893042e728 000000b3215fefd8
0x000000b3215fef60:   0000000000000008 0000000000000000
0x000000b3215fef70:   000002893042e728 000000b3215fefd8
0x000000b3215fef80:   0000000000000008 00000289187d4000
0x000000b3215fef90:   000002891a089c62 000000b3215fef98
0x000000b3215fefa0:   000002893042e728 000000b3215ff010
0x000000b3215fefb0:   000002893045ce50 0000000000000000
0x000000b3215fefc0:   000002893042e728 0000000000000000
0x000000b3215fefd0:   000000b3215feff8 000000b3215ff058
0x000000b3215fefe0:   000002891a07837d 0000000000000000
0x000000b3215feff0:   000002891a082d78 0000000000000000
0x000000b3215ff000:   0000000000000000 0000000000000000
0x000000b3215ff010:   00000007808089b8 000000b3215ff018 

Instructions: (pc=0x00000000695cc0a8)
0x00000000695cc088:   bd 05 00 c7 83 78 02 00 00 06 00 00 00 8b 0d 55
0x00000000695cc098:   b4 59 00 ff 15 4f 53 3c 00 c6 80 9c 02 00 00 01
0x00000000695cc0a8:   41 88 2e c6 80 9c 02 00 00 00 48 8b 7b 48 48 8b
0x00000000695cc0b8:   47 10 48 8b 77 08 48 83 38 00 74 19 48 8b 57 28 


Register to memory mapping:

RAX=0x00000289187d4000 is a thread
RBX=0x00000289187d4000 is a thread
RCX=0x0000000000000006 is an unknown value
RDX=0x000000b3215ff010 is pointing into the stack for thread: 0x00000289187d4000
RSP=0x000000b3215fef20 is pointing into the stack for thread: 0x00000289187d4000
RBP=0x0000000000000000 is an unknown value
RSI=0x00000289187d4000 is a thread
RDI=0x0000000000000000 is an unknown value
R8 =0x0000000000000000 is an unknown value
R9 =0x0000000000000000 is an unknown value
R10=0x000002891a089f82 is at code_begin+962 in an Interpreter codelet
method entry point (kind = native)  [0x000002891a089bc0, 0x000002891a08a660]  2720 bytes
R11=0x000000006961a0a0 is an unknown value
R12=0x0000000000000000 is an unknown value
R13={method} {0x000002893042e730} 'putByte' '(JB)V' in 'sun/misc/Unsafe'
R14=0x0000000000000000 is an unknown value
R15=0x00000289187d4000 is a thread


Stack: [0x000000b321500000,0x000000b321600000],  sp=0x000000b3215fef20,  free space=1019k
Native frames: (J=compiled Java code, j=interpreted, Vv=VM code, C=native code)

Java frames: (J=compiled Java code, j=interpreted, Vv=VM code)
j  sun.misc.Unsafe.putByte(JB)V+0
j  io.openmessaging.DefaultMessageQueueImpl.append(Ljava/lang/String;ILjava/nio/ByteBuffer;)J+156
j  io.openmessaging.DefaultMessageQueueImpl.main([Ljava/lang/String;)V+62
v  ~StubRoutines::call_stub

---------------  P R O C E S S  ---------------

Java Threads: ( => current thread )
  0x00000289322ef800 JavaThread "Thread-0" [_thread_blocked, id=10912, stack(0x000000b322600000,0x000000b322700000)]
  0x0000028931f43000 JavaThread "Service Thread" daemon [_thread_blocked, id=18404, stack(0x000000b322400000,0x000000b322500000)]
  0x0000028931f38800 JavaThread "C1 CompilerThread2" daemon [_thread_blocked, id=15868, stack(0x000000b322300000,0x000000b322400000)]
  0x0000028931492800 JavaThread "C2 CompilerThread1" daemon [_thread_blocked, id=14432, stack(0x000000b322200000,0x000000b322300000)]
  0x000002893148f000 JavaThread "C2 CompilerThread0" daemon [_thread_blocked, id=14812, stack(0x000000b322100000,0x000000b322200000)]
  0x000002893148b000 JavaThread "Monitor Ctrl-Break" daemon [_thread_in_native, id=3288, stack(0x000000b322000000,0x000000b322100000)]
  0x000002893145d800 JavaThread "Attach Listener" daemon [_thread_blocked, id=3752, stack(0x000000b321f00000,0x000000b322000000)]
  0x00000289313ec000 JavaThread "Signal Dispatcher" daemon [_thread_blocked, id=5464, stack(0x000000b321e00000,0x000000b321f00000)]
  0x0000028930cac800 JavaThread "Finalizer" daemon [_thread_blocked, id=12472, stack(0x000000b321c00000,0x000000b321d00000)]
  0x0000028930ca5800 JavaThread "Reference Handler" daemon [_thread_blocked, id=2512, stack(0x000000b321b00000,0x000000b321c00000)]
=>0x00000289187d4000 JavaThread "main" [_thread_in_vm, id=812, stack(0x000000b321500000,0x000000b321600000)]

Other Threads:
  0x00000289313b2000 VMThread [stack: 0x000000b321a00000,0x000000b321b00000] [id=15140]
  0x0000028931f68800 WatcherThread [stack: 0x000000b322500000,0x000000b322600000] [id=6276]

VM state:not at safepoint (normal execution)

VM Mutex/Monitor currently owned by a thread: None

heap address: 0x0000000701800000, size: 3048 MB, Compressed Oops mode: Zero based, Oop shift amount: 3
Narrow klass base: 0x0000000000000000, Narrow klass shift: 3
Compressed class space size: 1073741824 Address: 0x00000007c0000000

Heap:
 PSYoungGen      total 57344K, used 6940K [0x0000000780800000, 0x0000000784800000, 0x00000007c0000000)
  eden space 49152K, 14% used [0x0000000780800000,0x0000000780ec7328,0x0000000783800000)
  from space 8192K, 0% used [0x0000000784000000,0x0000000784000000,0x0000000784800000)
  to   space 8192K, 0% used [0x0000000783800000,0x0000000783800000,0x0000000784000000)
 ParOldGen       total 131072K, used 0K [0x0000000701800000, 0x0000000709800000, 0x0000000780800000)
  object space 131072K, 0% used [0x0000000701800000,0x0000000701800000,0x0000000709800000)
 Metaspace       used 4553K, capacity 4816K, committed 4992K, reserved 1056768K
  class space    used 516K, capacity 566K, committed 640K, reserved 1048576K

Card table byte_map: [0x0000028929430000,0x0000028929a30000] byte_map_base: 0x0000028925c24000

Marking Bits: (ParMarkBitMap*) 0x0000000069bd7fe0
 Begin Bits: [0x0000028929e30000, 0x000002892cdd0000)
 End Bits:   [0x000002892cdd0000, 0x000002892fd70000)

Polling page: 0x0000028918790000

CodeCache: size=245760Kb used=1521Kb max_used=1521Kb free=244238Kb
 bounds [0x000002891a070000, 0x000002891a2e0000, 0x0000028929070000]
 total_blobs=526 nmethods=224 adapters=215
 compilation: enabled

Compilation events (10 events):
Event: 0.268 Thread 0x0000028931f38800  216       3       jdk.internal.org.objectweb.asm.ByteVector::putByteArray (49 bytes)
Event: 0.268 Thread 0x0000028931f38800 nmethod 216 0x000002891a1e88d0 code [0x000002891a1e8a40, 0x000002891a1e8d80]
Event: 0.270 Thread 0x000002893148f000 nmethod 213 0x000002891a1ebf90 code [0x000002891a1ec0e0, 0x000002891a1ec358]
Event: 0.271 Thread 0x0000028931f38800  217       3       jdk.internal.org.objectweb.asm.ByteVector::putInt (74 bytes)
Event: 0.271 Thread 0x0000028931f38800 nmethod 217 0x000002891a1eb450 code [0x000002891a1eb5c0, 0x000002891a1eb870]
Event: 0.272 Thread 0x0000028931f38800  222       3       sun.invoke.util.Wrapper::forBasicType (16 bytes)
Event: 0.272 Thread 0x0000028931f38800 nmethod 222 0x000002891a1eac90 code [0x000002891a1eae00, 0x000002891a1eb080]
Event: 0.273 Thread 0x0000028931f38800  223       3       java.io.WinNTFileSystem::normalize (143 bytes)
Event: 0.273 Thread 0x0000028931f38800 nmethod 223 0x000002891a1e9ed0 code [0x000002891a1ea0c0, 0x000002891a1ea8f0]
Event: 0.274 Thread 0x0000028931f38800  224       3       java.util.concurrent.ConcurrentHashMap::addCount (292 bytes)

GC Heap History (0 events):
No events

Deoptimization events (0 events):
No events

Classes redefined (0 events):
No events

Internal exceptions (4 events):
Event: 0.047 Thread 0x00000289187d4000 Exception <a 'java/lang/NoSuchMethodError': Method sun.misc.Unsafe.defineClass(Ljava/lang/String;[BII)Ljava/lang/Class; name or signature does not match> (0x0000000780807cc0) thrown at [C:\jenkins\workspace\8-2-build-windows-amd64-cygwin\jdk8u301\1513\hot
Event: 0.047 Thread 0x00000289187d4000 Exception <a 'java/lang/NoSuchMethodError': Method sun.misc.Unsafe.prefetchRead(Ljava/lang/Object;J)V name or signature does not match> (0x0000000780807fa8) thrown at [C:\jenkins\workspace\8-2-build-windows-amd64-cygwin\jdk8u301\1513\hotspot\src\share\vm\
Event: 0.247 Thread 0x00000289187d4000 Exception <a 'java/lang/NoSuchFieldError': method resolution failed> (0x0000000780dab508) thrown at [C:\jenkins\workspace\8-2-build-windows-amd64-cygwin\jdk8u301\1513\hotspot\src\share\vm\prims\methodHandles.cpp, line 1169]
Event: 0.250 Thread 0x00000289187d4000 Exception <a 'java/lang/NoSuchFieldError': method resolution failed> (0x0000000780db9128) thrown at [C:\jenkins\workspace\8-2-build-windows-amd64-cygwin\jdk8u301\1513\hotspot\src\share\vm\prims\methodHandles.cpp, line 1169]

Events (10 events):
Event: 0.271 loading class java/lang/invoke/TypeConvertingMethodAdapter
Event: 0.271 loading class java/lang/invoke/TypeConvertingMethodAdapter done
Event: 0.271 loading class java/lang/invoke/InnerClassLambdaMetafactory$ForwardingMethodGenerator done
Event: 0.272 Thread 0x00000289322ef800 Thread added: 0x00000289322ef800
Event: 0.273 loading class java/nio/channels/spi/AbstractInterruptibleChannel$1
Event: 0.274 loading class java/nio/channels/spi/AbstractInterruptibleChannel$1 done
Event: 0.274 loading class sun/nio/ch/NativeThread
Event: 0.274 loading class sun/nio/ch/NativeThread done
Event: 0.274 loading class sun/nio/ch/IOStatus
Event: 0.274 loading class sun/nio/ch/IOStatus done


Dynamic libraries:
0x00007ff6458e0000 - 0x00007ff645927000 	E:\jdk\jdk1.8\bin\java.exe
0x00007ffeaad30000 - 0x00007ffeaaf25000 	C:\WINDOWS\SYSTEM32\ntdll.dll
0x00007ffea8e00000 - 0x00007ffea8ebe000 	C:\WINDOWS\System32\KERNEL32.DLL
0x00007ffea8810000 - 0x00007ffea8ad9000 	C:\WINDOWS\System32\KERNELBASE.dll
0x00007ffea9d50000 - 0x00007ffea9dfc000 	C:\WINDOWS\System32\ADVAPI32.dll
0x00007ffea9e00000 - 0x00007ffea9e9e000 	C:\WINDOWS\System32\msvcrt.dll
0x00007ffea9a90000 - 0x00007ffea9b2b000 	C:\WINDOWS\System32\sechost.dll
0x00007ffea8ec0000 - 0x00007ffea8fea000 	C:\WINDOWS\System32\RPCRT4.dll
0x00007ffea90d0000 - 0x00007ffea9271000 	C:\WINDOWS\System32\USER32.dll
0x00007ffea87e0000 - 0x00007ffea8802000 	C:\WINDOWS\System32\win32u.dll
0x00007ffeaa540000 - 0x00007ffeaa56b000 	C:\WINDOWS\System32\GDI32.dll
0x00007ffea8c70000 - 0x00007ffea8d7b000 	C:\WINDOWS\System32\gdi32full.dll
0x00007ffea8640000 - 0x00007ffea86dd000 	C:\WINDOWS\System32\msvcp_win.dll
0x00007ffea86e0000 - 0x00007ffea87e0000 	C:\WINDOWS\System32\ucrtbase.dll
0x00007ffe9dbd0000 - 0x00007ffe9de6a000 	C:\WINDOWS\WinSxS\amd64_microsoft.windows.common-controls_6595b64144ccf1df_6.0.19041.1110_none_60b5254171f9507e\COMCTL32.dll
0x00007ffeaa7c0000 - 0x00007ffeaa7f0000 	C:\WINDOWS\System32\IMM32.DLL
0x00007ffea2100000 - 0x00007ffea2115000 	E:\jdk\jdk1.8\jre\bin\vcruntime140.dll
0x00007ffe74920000 - 0x00007ffe749bb000 	E:\jdk\jdk1.8\jre\bin\msvcp140.dll
0x00000000693f0000 - 0x0000000069c50000 	E:\jdk\jdk1.8\jre\bin\server\jvm.dll
0x00007ffea8d90000 - 0x00007ffea8d98000 	C:\WINDOWS\System32\PSAPI.DLL
0x00007ffe9a4b0000 - 0x00007ffe9a4b9000 	C:\WINDOWS\SYSTEM32\WSOCK32.dll
0x00007ffeaa570000 - 0x00007ffeaa5db000 	C:\WINDOWS\System32\WS2_32.dll
0x00007ffe9db30000 - 0x00007ffe9db57000 	C:\WINDOWS\SYSTEM32\WINMM.dll
0x00007ffea0f90000 - 0x00007ffea0f9a000 	C:\WINDOWS\SYSTEM32\VERSION.dll
0x00007ffea6d20000 - 0x00007ffea6d32000 	C:\WINDOWS\SYSTEM32\kernel.appcore.dll
0x00007ffea2130000 - 0x00007ffea2140000 	E:\jdk\jdk1.8\jre\bin\verify.dll
0x00007ffe9cb20000 - 0x00007ffe9cb4b000 	E:\jdk\jdk1.8\jre\bin\java.dll
0x00007ffe95980000 - 0x00007ffe959b0000 	E:\jdk\jdk1.8\jre\bin\instrument.dll
0x00007ffea1880000 - 0x00007ffea1898000 	E:\jdk\jdk1.8\jre\bin\zip.dll
0x00007ffea9350000 - 0x00007ffea9a8f000 	C:\WINDOWS\System32\SHELL32.dll
0x00007ffea6180000 - 0x00007ffea6910000 	C:\WINDOWS\SYSTEM32\windows.storage.dll
0x00007ffeaa1e0000 - 0x00007ffeaa535000 	C:\WINDOWS\System32\combase.dll
0x00007ffea7dd0000 - 0x00007ffea7dfc000 	C:\WINDOWS\SYSTEM32\Wldp.dll
0x00007ffeaa5e0000 - 0x00007ffeaa68e000 	C:\WINDOWS\System32\SHCORE.dll
0x00007ffea9f70000 - 0x00007ffea9fc5000 	C:\WINDOWS\System32\shlwapi.dll
0x00007ffea8390000 - 0x00007ffea83af000 	C:\WINDOWS\SYSTEM32\profapi.dll
0x00007ffea0290000 - 0x00007ffea02aa000 	E:\idea\IntelliJ IDEA 2021.2.2\bin\breakgen64.dll
0x00007ffe8ad40000 - 0x00007ffe8ad5c000 	E:\jdk\jdk1.8\jre\bin\net.dll
0x00007ffea7b30000 - 0x00007ffea7b9a000 	C:\WINDOWS\system32\mswsock.dll
0x00007ffe8a8c0000 - 0x00007ffe8a8d3000 	E:\jdk\jdk1.8\jre\bin\nio.dll
0x00007ffea69e0000 - 0x00007ffea6bc4000 	C:\WINDOWS\SYSTEM32\dbghelp.dll
0x00007ffea8450000 - 0x00007ffea84d3000 	C:\WINDOWS\System32\bcryptPrimitives.dll

VM Arguments:
jvm_args: -javaagent:E:\idea\IntelliJ IDEA 2021.2.2\lib\idea_rt.jar=64263:E:\idea\IntelliJ IDEA 2021.2.2\bin -Dfile.encoding=UTF-8 
java_command: io.openmessaging.DefaultMessageQueueImpl
java_class_path (initial): E:\jdk\jdk1.8\jre\lib\charsets.jar;E:\jdk\jdk1.8\jre\lib\deploy.jar;E:\jdk\jdk1.8\jre\lib\ext\access-bridge-64.jar;E:\jdk\jdk1.8\jre\lib\ext\cldrdata.jar;E:\jdk\jdk1.8\jre\lib\ext\dnsns.jar;E:\jdk\jdk1.8\jre\lib\ext\jaccess.jar;E:\jdk\jdk1.8\jre\lib\ext\jfxrt.jar;E:\jdk\jdk1.8\jre\lib\ext\localedata.jar;E:\jdk\jdk1.8\jre\lib\ext\nashorn.jar;E:\jdk\jdk1.8\jre\lib\ext\sunec.jar;E:\jdk\jdk1.8\jre\lib\ext\sunjce_provider.jar;E:\jdk\jdk1.8\jre\lib\ext\sunmscapi.jar;E:\jdk\jdk1.8\jre\lib\ext\sunpkcs11.jar;E:\jdk\jdk1.8\jre\lib\ext\zipfs.jar;E:\jdk\jdk1.8\jre\lib\javaws.jar;E:\jdk\jdk1.8\jre\lib\jce.jar;E:\jdk\jdk1.8\jre\lib\jfr.jar;E:\jdk\jdk1.8\jre\lib\jfxswt.jar;E:\jdk\jdk1.8\jre\lib\jsse.jar;E:\jdk\jdk1.8\jre\lib\management-agent.jar;E:\jdk\jdk1.8\jre\lib\plugin.jar;E:\jdk\jdk1.8\jre\lib\resources.jar;E:\jdk\jdk1.8\jre\lib\rt.jar;E:\idea\idea_workspace\my_mq_code\target\classes;E:\idea\IntelliJ IDEA 2021.2.2\lib\idea_rt.jar
Launcher Type: SUN_STANDARD

Environment Variables:
PATH=C:\Program Files (x86)\Common Files\Oracle\Java\javapath;C:\WINDOWS\system32;C:\WINDOWS;C:\WINDOWS\System32\Wbem;C:\WINDOWS\System32\WindowsPowerShell\v1.0\;C:\Program Files\Intel\WiFi\bin\;C:\Program Files\Common Files\Intel\WirelessCommon\;C:\WINDOWS\System32\OpenSSH\;C:\Program Files (x86)\Intel\Intel(R) Management Engine Components\DAL;C:\Program Files\Intel\Intel(R) Management Engine Components\DAL;E:\git\Git\cmd;C:\Users\LL\AppData\Local\Microsoft\WindowsApps;C:\Program Files\Intel\WiFi\bin\;C:\Program Files\Common Files\Intel\WirelessCommon\;;E:\idea\IntelliJ IDEA 2021.2.2\bin;
USERNAME=LL
OS=Windows_NT
PROCESSOR_IDENTIFIER=Intel64 Family 6 Model 142 Stepping 9, GenuineIntel



---------------  S Y S T E M  ---------------

OS: Windows 10.0 , 64 bit Build 19041 (10.0.19041.1202)

CPU:total 4 (initial active 4) (2 cores per cpu, 2 threads per core) family 6 model 142 stepping 9, cmov, cx8, fxsr, mmx, sse, sse2, sse3, ssse3, sse4.1, sse4.2, popcnt, avx, avx2, aes, clmul, erms, 3dnowpref, lzcnt, ht, tsc, tscinvbit, bmi1, bmi2, adx

Memory: 4k page, physical 12479204k(4665568k free), swap 14379748k(3789924k free)

vm_info: Java HotSpot(TM) 64-Bit Server VM (25.301-b09) for windows-amd64 JRE (1.8.0_301-b09), built on Jun  9 2021 06:46:21 by "java_re" with MS VC++ 15.9 (VS2017)

time: Thu Sep 30 00:42:24 2021
timezone: 中国标准时间
elapsed time: 0.296679 seconds (0d 0h 0m 0s)

