#
# A fatal error has been detected by the Java Runtime Environment:
#
#  EXCEPTION_ACCESS_VIOLATION (0xc0000005) at pc=0x00000000695cc0a8, pid=17080, tid=0x000000000000412c
#
# JRE version: Java(TM) SE Runtime Environment (8.0_301-b09) (build 1.8.0_301-b09)
# Java VM: Java HotSpot(TM) 64-Bit Server VM (25.301-b09 mixed mode windows-amd64 compressed oops)
# Problematic frame:
# V  [jvm.dll+0x1dc0a8]
#
# Failed to write core dump. Minidumps are not enabled by default on client versions of Windows
#
# If you would like to submit a bug report, please visit:
#   http://bugreport.java.com/bugreport/crash.jsp
#

---------------  T H R E A D  ---------------

Current thread (0x00000207dd5e6800):  JavaThread "main" [_thread_in_vm, id=16684, stack(0x000000a783d00000,0x000000a783e00000)]

siginfo: ExceptionCode=0xc0000005, writing address 0x0000000000000000

Registers:
RAX=0x00000207dd5e6800, RBX=0x00000207dd5e6800, RCX=0x0000000000000006, RDX=0x000000a783dff1f0
RSP=0x000000a783dff100, RBP=0x0000000000000000, RSI=0x00000207dd5e6800, RDI=0x0000000000000000
R8 =0x0000000000000000, R9 =0x0000000000000000, R10=0x00000207def34c7b, R11=0x000000006961a0a0
R12=0x0000000000000000, R13=0x00000207f52d0670, R14=0x0000000000000000, R15=0x00000207dd5e6800
RIP=0x00000000695cc0a8, EFLAGS=0x0000000000010246

Top of Stack: (sp=0x000000a783dff100)
0x000000a783dff100:   00000207dd5e6800 00000207f52d0670
0x000000a783dff110:   0000000000000000 00000207f52d0670
0x000000a783dff120:   000000a783dff1f0 00000207def34ca7
0x000000a783dff130:   00000207f52d0670 000000a783dff1b8
0x000000a783dff140:   0000000000000008 0000000000000000
0x000000a783dff150:   00000207f52d0670 000000a783dff1b8
0x000000a783dff160:   0000000000000008 00000207dd5e6800
0x000000a783dff170:   00000207def345a2 000000a783dff178
0x000000a783dff180:   00000207f52d0670 000000a783dff1f0
0x000000a783dff190:   00000207f52ff9b0 0000000000000000
0x000000a783dff1a0:   00000207f52d0670 0000000000000000
0x000000a783dff1b0:   000000a783dff1d8 000000a783dff238
0x000000a783dff1c0:   00000207def1843d 0000000000000000
0x000000a783dff1d0:   00000207def296f8 0000000000000000
0x000000a783dff1e0:   0000000000000000 0000000000000000
0x000000a783dff1f0:   00000007808089b8 000000a783dff1f8 

Instructions: (pc=0x00000000695cc0a8)
0x00000000695cc088:   bd 05 00 c7 83 78 02 00 00 06 00 00 00 8b 0d 55
0x00000000695cc098:   b4 59 00 ff 15 4f 53 3c 00 c6 80 9c 02 00 00 01
0x00000000695cc0a8:   41 88 2e c6 80 9c 02 00 00 00 48 8b 7b 48 48 8b
0x00000000695cc0b8:   47 10 48 8b 77 08 48 83 38 00 74 19 48 8b 57 28 


Register to memory mapping:

RAX=0x00000207dd5e6800 is a thread
RBX=0x00000207dd5e6800 is a thread
RCX=0x0000000000000006 is an unknown value
RDX=0x000000a783dff1f0 is pointing into the stack for thread: 0x00000207dd5e6800
RSP=0x000000a783dff100 is pointing into the stack for thread: 0x00000207dd5e6800
RBP=0x0000000000000000 is an unknown value
RSI=0x00000207dd5e6800 is a thread
RDI=0x0000000000000000 is an unknown value
R8 =0x0000000000000000 is an unknown value
R9 =0x0000000000000000 is an unknown value
R10=0x00000207def34c7b is at code_begin+1915 in an Interpreter codelet
method entry point (kind = native)  [0x00000207def34500, 0x00000207def357e0]  4832 bytes
R11=0x000000006961a0a0 is an unknown value
R12=0x0000000000000000 is an unknown value
R13={method} {0x00000207f52d0678} 'putByte' '(JB)V' in 'sun/misc/Unsafe'
R14=0x0000000000000000 is an unknown value
R15=0x00000207dd5e6800 is a thread


Stack: [0x000000a783d00000,0x000000a783e00000],  sp=0x000000a783dff100,  free space=1020k
Native frames: (J=compiled Java code, j=interpreted, Vv=VM code, C=native code)

Java frames: (J=compiled Java code, j=interpreted, Vv=VM code)
j  sun.misc.Unsafe.putByte(JB)V+0
j  io.openmessaging.DefaultMessageQueueImpl.append(Ljava/lang/String;ILjava/nio/ByteBuffer;)J+156
j  io.openmessaging.DefaultMessageQueueImpl.main([Ljava/lang/String;)V+62
v  ~StubRoutines::call_stub

---------------  P R O C E S S  ---------------

Java Threads: ( => current thread )
  0x00000207f71ba800 JavaThread "Thread-0" [_thread_blocked, id=13736, stack(0x000000a784f00000,0x000000a785000000)]
  0x00000207f6e2f800 JavaThread "Service Thread" daemon [_thread_blocked, id=15872, stack(0x000000a784d00000,0x000000a784e00000)]
  0x00000207f639b000 JavaThread "C1 CompilerThread2" daemon [_thread_blocked, id=12832, stack(0x000000a784c00000,0x000000a784d00000)]
  0x00000207f639a000 JavaThread "C2 CompilerThread1" daemon [_thread_blocked, id=6008, stack(0x000000a784b00000,0x000000a784c00000)]
  0x00000207f6395800 JavaThread "C2 CompilerThread0" daemon [_thread_blocked, id=14596, stack(0x000000a784a00000,0x000000a784b00000)]
  0x00000207f6314800 JavaThread "JDWP Command Reader" daemon [_thread_in_native, id=1620, stack(0x000000a784900000,0x000000a784a00000)]
  0x00000207f6311000 JavaThread "JDWP Event Helper Thread" daemon [_thread_blocked, id=13876, stack(0x000000a784800000,0x000000a784900000)]
  0x00000207f6300000 JavaThread "JDWP Transport Listener: dt_socket" daemon [_thread_blocked, id=18284, stack(0x000000a784700000,0x000000a784800000)]
  0x00000207f62f7800 JavaThread "Attach Listener" daemon [_thread_blocked, id=7360, stack(0x000000a784600000,0x000000a784700000)]
  0x00000207f62a3800 JavaThread "Signal Dispatcher" daemon [_thread_blocked, id=12992, stack(0x000000a784500000,0x000000a784600000)]
  0x00000207f5b4d800 JavaThread "Finalizer" daemon [_thread_blocked, id=18212, stack(0x000000a784400000,0x000000a784500000)]
  0x00000207f6276000 JavaThread "Reference Handler" daemon [_thread_blocked, id=6976, stack(0x000000a784300000,0x000000a784400000)]
=>0x00000207dd5e6800 JavaThread "main" [_thread_in_vm, id=16684, stack(0x000000a783d00000,0x000000a783e00000)]

Other Threads:
  0x00000207f6253800 VMThread [stack: 0x000000a784200000,0x000000a784300000] [id=2284]
  0x00000207f6e73800 WatcherThread [stack: 0x000000a784e00000,0x000000a784f00000] [id=8252]

VM state:not at safepoint (normal execution)

VM Mutex/Monitor currently owned by a thread: None

heap address: 0x0000000701800000, size: 3048 MB, Compressed Oops mode: Zero based, Oop shift amount: 3
Narrow klass base: 0x0000000000000000, Narrow klass shift: 3
Compressed class space size: 1073741824 Address: 0x00000007c0000000

Heap:
 PSYoungGen      total 57344K, used 8932K [0x0000000780800000, 0x0000000784800000, 0x00000007c0000000)
  eden space 49152K, 18% used [0x0000000780800000,0x00000007810b9298,0x0000000783800000)
  from space 8192K, 0% used [0x0000000784000000,0x0000000784000000,0x0000000784800000)
  to   space 8192K, 0% used [0x0000000783800000,0x0000000783800000,0x0000000784000000)
 ParOldGen       total 131072K, used 0K [0x0000000701800000, 0x0000000709800000, 0x0000000780800000)
  object space 131072K, 0% used [0x0000000701800000,0x0000000701800000,0x0000000709800000)
 Metaspace       used 4487K, capacity 4880K, committed 4992K, reserved 1056768K
  class space    used 496K, capacity 570K, committed 640K, reserved 1048576K

Card table byte_map: [0x00000207ee2d0000,0x00000207ee8d0000] byte_map_base: 0x00000207eaac4000

Marking Bits: (ParMarkBitMap*) 0x0000000069bd7fe0
 Begin Bits: [0x00000207eecd0000, 0x00000207f1c70000)
 End Bits:   [0x00000207f1c70000, 0x00000207f4c10000)

Polling page: 0x00000207deee0000

CodeCache: size=245760Kb used=1648Kb max_used=1648Kb free=244111Kb
 bounds [0x00000207def10000, 0x00000207df180000, 0x00000207edf10000]
 total_blobs=546 nmethods=258 adapters=209
 compilation: enabled

Compilation events (10 events):
Event: 0.429 Thread 0x00000207f639b000  254       3       sun.invoke.util.Wrapper::forBasicType (16 bytes)
Event: 0.429 Thread 0x00000207f639b000 nmethod 254 0x00000207df0aa650 code [0x00000207df0aa7c0, 0x00000207df0aaa40]
Event: 0.630 Thread 0x00000207f639b000  255       3       java.nio.charset.CharsetEncoder::maxBytesPerChar (5 bytes)
Event: 0.630 Thread 0x00000207f639b000 nmethod 255 0x00000207df0aa310 code [0x00000207df0aa460, 0x00000207df0aa5b8]
Event: 0.630 Thread 0x00000207f639b000  256       3       java.util.jar.Attributes$Name::isValid (32 bytes)
Event: 0.631 Thread 0x00000207f639b000 nmethod 256 0x00000207df0a9c50 code [0x00000207df0a9dc0, 0x00000207df0aa258]
Event: 0.631 Thread 0x00000207f639b000  257       3       java.util.jar.Attributes$Name::isAlpha (30 bytes)
Event: 0.631 Thread 0x00000207f639b000 nmethod 257 0x00000207df0a9850 code [0x00000207df0a99a0, 0x00000207df0a9bd8]
Event: 0.631 Thread 0x00000207f639b000  258       3       java.lang.String::endsWith (17 bytes)
Event: 0.631 Thread 0x00000207f639b000 nmethod 258 0x00000207df0a9390 code [0x00000207df0a9500, 0x00000207df0a9750]

GC Heap History (0 events):
No events

Deoptimization events (0 events):
No events

Classes redefined (0 events):
No events

Internal exceptions (4 events):
Event: 0.039 Thread 0x00000207dd5e6800 Exception <a 'java/lang/NoSuchMethodError': Method sun.misc.Unsafe.defineClass(Ljava/lang/String;[BII)Ljava/lang/Class; name or signature does not match> (0x0000000780807cc0) thrown at [C:\jenkins\workspace\8-2-build-windows-amd64-cygwin\jdk8u301\1513\hot
Event: 0.039 Thread 0x00000207dd5e6800 Exception <a 'java/lang/NoSuchMethodError': Method sun.misc.Unsafe.prefetchRead(Ljava/lang/Object;J)V name or signature does not match> (0x0000000780807fa8) thrown at [C:\jenkins\workspace\8-2-build-windows-amd64-cygwin\jdk8u301\1513\hotspot\src\share\vm\
Event: 0.391 Thread 0x00000207dd5e6800 Exception <a 'java/lang/NoSuchFieldError': method resolution failed> (0x0000000780f0b680) thrown at [C:\jenkins\workspace\8-2-build-windows-amd64-cygwin\jdk8u301\1513\hotspot\src\share\vm\prims\methodHandles.cpp, line 1169]
Event: 0.394 Thread 0x00000207dd5e6800 Exception <a 'java/lang/NoSuchFieldError': method resolution failed> (0x0000000780f19b40) thrown at [C:\jenkins\workspace\8-2-build-windows-amd64-cygwin\jdk8u301\1513\hotspot\src\share\vm\prims\methodHandles.cpp, line 1169]

Events (10 events):
Event: 3.008 Executing VM operation: ChangeBreakpoints
Event: 3.008 Executing VM operation: ChangeBreakpoints done
Event: 4.295 Executing VM operation: EnableBiasedLocking
Event: 4.295 Executing VM operation: EnableBiasedLocking done
Event: 4.407 loading class java/nio/channels/spi/AbstractInterruptibleChannel$1
Event: 4.407 loading class java/nio/channels/spi/AbstractInterruptibleChannel$1 done
Event: 4.407 loading class sun/nio/ch/NativeThread
Event: 4.407 loading class sun/nio/ch/NativeThread done
Event: 4.407 loading class sun/nio/ch/IOStatus
Event: 4.407 loading class sun/nio/ch/IOStatus done


Dynamic libraries:
0x00007ff6458e0000 - 0x00007ff645927000 	E:\jdk\jdk1.8\bin\java.exe
0x00007ffeaad30000 - 0x00007ffeaaf25000 	C:\WINDOWS\SYSTEM32\ntdll.dll
0x00007ffea8e00000 - 0x00007ffea8ebe000 	C:\WINDOWS\System32\KERNEL32.DLL
0x00007ffea8810000 - 0x00007ffea8ad9000 	C:\WINDOWS\System32\KERNELBASE.dll
0x00007ffea9d50000 - 0x00007ffea9dfc000 	C:\WINDOWS\System32\ADVAPI32.dll
0x00007ffea9e00000 - 0x00007ffea9e9e000 	C:\WINDOWS\System32\msvcrt.dll
0x00007ffea9a90000 - 0x00007ffea9b2b000 	C:\WINDOWS\System32\sechost.dll
0x00007ffea8ec0000 - 0x00007ffea8fea000 	C:\WINDOWS\System32\RPCRT4.dll
0x00007ffea90d0000 - 0x00007ffea9271000 	C:\WINDOWS\System32\USER32.dll
0x00007ffea87e0000 - 0x00007ffea8802000 	C:\WINDOWS\System32\win32u.dll
0x00007ffeaa540000 - 0x00007ffeaa56b000 	C:\WINDOWS\System32\GDI32.dll
0x00007ffea8c70000 - 0x00007ffea8d7b000 	C:\WINDOWS\System32\gdi32full.dll
0x00007ffea8640000 - 0x00007ffea86dd000 	C:\WINDOWS\System32\msvcp_win.dll
0x00007ffea86e0000 - 0x00007ffea87e0000 	C:\WINDOWS\System32\ucrtbase.dll
0x00007ffe9dbd0000 - 0x00007ffe9de6a000 	C:\WINDOWS\WinSxS\amd64_microsoft.windows.common-controls_6595b64144ccf1df_6.0.19041.1110_none_60b5254171f9507e\COMCTL32.dll
0x00007ffeaa7c0000 - 0x00007ffeaa7f0000 	C:\WINDOWS\System32\IMM32.DLL
0x00007ffea2100000 - 0x00007ffea2115000 	E:\jdk\jdk1.8\jre\bin\vcruntime140.dll
0x00007ffe74920000 - 0x00007ffe749bb000 	E:\jdk\jdk1.8\jre\bin\msvcp140.dll
0x00000000693f0000 - 0x0000000069c50000 	E:\jdk\jdk1.8\jre\bin\server\jvm.dll
0x00007ffea8d90000 - 0x00007ffea8d98000 	C:\WINDOWS\System32\PSAPI.DLL
0x00007ffe9a4b0000 - 0x00007ffe9a4b9000 	C:\WINDOWS\SYSTEM32\WSOCK32.dll
0x00007ffeaa570000 - 0x00007ffeaa5db000 	C:\WINDOWS\System32\WS2_32.dll
0x00007ffe9db30000 - 0x00007ffe9db57000 	C:\WINDOWS\SYSTEM32\WINMM.dll
0x00007ffea0f90000 - 0x00007ffea0f9a000 	C:\WINDOWS\SYSTEM32\VERSION.dll
0x00007ffea6d20000 - 0x00007ffea6d32000 	C:\WINDOWS\SYSTEM32\kernel.appcore.dll
0x00007ffea2130000 - 0x00007ffea2140000 	E:\jdk\jdk1.8\jre\bin\verify.dll
0x00007ffe9cb20000 - 0x00007ffe9cb4b000 	E:\jdk\jdk1.8\jre\bin\java.dll
0x00007ffe95970000 - 0x00007ffe959a6000 	E:\jdk\jdk1.8\jre\bin\jdwp.dll
0x00007ffea0290000 - 0x00007ffea0299000 	E:\jdk\jdk1.8\jre\bin\npt.dll
0x00007ffe8a7a0000 - 0x00007ffe8a7d0000 	E:\jdk\jdk1.8\jre\bin\instrument.dll
0x00007ffea1880000 - 0x00007ffea1898000 	E:\jdk\jdk1.8\jre\bin\zip.dll
0x00007ffea9350000 - 0x00007ffea9a8f000 	C:\WINDOWS\System32\SHELL32.dll
0x00007ffea6180000 - 0x00007ffea6910000 	C:\WINDOWS\SYSTEM32\windows.storage.dll
0x00007ffeaa1e0000 - 0x00007ffeaa535000 	C:\WINDOWS\System32\combase.dll
0x00007ffea7dd0000 - 0x00007ffea7dfc000 	C:\WINDOWS\SYSTEM32\Wldp.dll
0x00007ffeaa5e0000 - 0x00007ffeaa68e000 	C:\WINDOWS\System32\SHCORE.dll
0x00007ffea9f70000 - 0x00007ffea9fc5000 	C:\WINDOWS\System32\shlwapi.dll
0x00007ffea8390000 - 0x00007ffea83af000 	C:\WINDOWS\SYSTEM32\profapi.dll
0x00007ffea0000000 - 0x00007ffea000a000 	E:\jdk\jdk1.8\jre\bin\dt_socket.dll
0x00007ffea7b30000 - 0x00007ffea7b9a000 	C:\WINDOWS\system32\mswsock.dll
0x00007ffe8ad40000 - 0x00007ffe8ad5c000 	E:\jdk\jdk1.8\jre\bin\net.dll
0x00007ffe8a8c0000 - 0x00007ffe8a8d3000 	E:\jdk\jdk1.8\jre\bin\nio.dll
0x00007ffea69e0000 - 0x00007ffea6bc4000 	C:\WINDOWS\SYSTEM32\dbghelp.dll
0x00007ffea8450000 - 0x00007ffea84d3000 	C:\WINDOWS\System32\bcryptPrimitives.dll

VM Arguments:
jvm_args: -agentlib:jdwp=transport=dt_socket,address=127.0.0.1:64268,suspend=y,server=n -javaagent:C:\Users\LL\AppData\Local\JetBrains\IntelliJIdea2021.2\captureAgent\debugger-agent.jar -Dfile.encoding=UTF-8 
java_command: io.openmessaging.DefaultMessageQueueImpl
java_class_path (initial): E:\jdk\jdk1.8\jre\lib\charsets.jar;E:\jdk\jdk1.8\jre\lib\deploy.jar;E:\jdk\jdk1.8\jre\lib\ext\access-bridge-64.jar;E:\jdk\jdk1.8\jre\lib\ext\cldrdata.jar;E:\jdk\jdk1.8\jre\lib\ext\dnsns.jar;E:\jdk\jdk1.8\jre\lib\ext\jaccess.jar;E:\jdk\jdk1.8\jre\lib\ext\jfxrt.jar;E:\jdk\jdk1.8\jre\lib\ext\localedata.jar;E:\jdk\jdk1.8\jre\lib\ext\nashorn.jar;E:\jdk\jdk1.8\jre\lib\ext\sunec.jar;E:\jdk\jdk1.8\jre\lib\ext\sunjce_provider.jar;E:\jdk\jdk1.8\jre\lib\ext\sunmscapi.jar;E:\jdk\jdk1.8\jre\lib\ext\sunpkcs11.jar;E:\jdk\jdk1.8\jre\lib\ext\zipfs.jar;E:\jdk\jdk1.8\jre\lib\javaws.jar;E:\jdk\jdk1.8\jre\lib\jce.jar;E:\jdk\jdk1.8\jre\lib\jfr.jar;E:\jdk\jdk1.8\jre\lib\jfxswt.jar;E:\jdk\jdk1.8\jre\lib\jsse.jar;E:\jdk\jdk1.8\jre\lib\management-agent.jar;E:\jdk\jdk1.8\jre\lib\plugin.jar;E:\jdk\jdk1.8\jre\lib\resources.jar;E:\jdk\jdk1.8\jre\lib\rt.jar;E:\idea\idea_workspace\my_mq_code\target\classes;E:\idea\IntelliJ IDEA 2021.2.2\lib\idea_rt.jar;C:\Users\LL\AppData\Local\JetBrains\IntelliJIdea2021.2\captureAgent\debugger-agent.jar
Launcher Type: SUN_STANDARD

Environment Variables:
PATH=C:\Program Files (x86)\Common Files\Oracle\Java\javapath;C:\WINDOWS\system32;C:\WINDOWS;C:\WINDOWS\System32\Wbem;C:\WINDOWS\System32\WindowsPowerShell\v1.0\;C:\Program Files\Intel\WiFi\bin\;C:\Program Files\Common Files\Intel\WirelessCommon\;C:\WINDOWS\System32\OpenSSH\;C:\Program Files (x86)\Intel\Intel(R) Management Engine Components\DAL;C:\Program Files\Intel\Intel(R) Management Engine Components\DAL;E:\git\Git\cmd;C:\Users\LL\AppData\Local\Microsoft\WindowsApps;C:\Program Files\Intel\WiFi\bin\;C:\Program Files\Common Files\Intel\WirelessCommon\;;E:\idea\IntelliJ IDEA 2021.2.2\bin;
USERNAME=LL
OS=Windows_NT
PROCESSOR_IDENTIFIER=Intel64 Family 6 Model 142 Stepping 9, GenuineIntel



---------------  S Y S T E M  ---------------

OS: Windows 10.0 , 64 bit Build 19041 (10.0.19041.1202)

CPU:total 4 (initial active 4) (2 cores per cpu, 2 threads per core) family 6 model 142 stepping 9, cmov, cx8, fxsr, mmx, sse, sse2, sse3, ssse3, sse4.1, sse4.2, popcnt, avx, avx2, aes, clmul, erms, 3dnowpref, lzcnt, ht, tsc, tscinvbit, bmi1, bmi2, adx

Memory: 4k page, physical 12479204k(4486064k free), swap 14379748k(3671616k free)

vm_info: Java HotSpot(TM) 64-Bit Server VM (25.301-b09) for windows-amd64 JRE (1.8.0_301-b09), built on Jun  9 2021 06:46:21 by "java_re" with MS VC++ 15.9 (VS2017)

time: Thu Sep 30 00:43:29 2021
timezone: 中国标准时间
elapsed time: 4.426059 seconds (0d 0h 0m 4s)

